<?xml version="1.0" encoding="UTF-8"?>
<coverage generated="1534933209499" clover="3.2.0">
  <project timestamp="1534933209499" name="All files">
    <metrics statements="113" coveredstatements="113" conditionals="46" coveredconditionals="46" methods="53" coveredmethods="53" elements="212" coveredelements="212" complexity="0" loc="113" ncloc="113" packages="11" files="11" classes="11">
      <package name="collection">
        <metrics statements="47" coveredstatements="47" conditionals="12" coveredconditionals="12" methods="22" coveredmethods="22"/>
        <file name="map.js" path="/Users/joey/Desktop/react-demo/src/utils/core/collection/map.js">
          <metrics statements="47" coveredstatements="47" conditionals="12" coveredconditionals="12" methods="22" coveredmethods="22"/>
          <line num="9" count="4" type="stmt"/>
          <line num="13" count="6" type="stmt"/>
          <line num="14" count="2" type="stmt"/>
          <line num="16" count="6" type="cond" truecount="2" falsecount="0"/>
          <line num="17" count="1" type="stmt"/>
          <line num="19" count="5" type="stmt"/>
          <line num="21" count="6" type="stmt"/>
          <line num="25" count="3" type="stmt"/>
          <line num="26" count="4" type="stmt"/>
          <line num="28" count="3" type="cond" truecount="2" falsecount="0"/>
          <line num="29" count="1" type="stmt"/>
          <line num="31" count="3" type="stmt"/>
          <line num="34" count="1" type="stmt"/>
          <line num="42" count="5" type="stmt"/>
          <line num="49" count="8" type="stmt"/>
          <line num="50" count="7" type="stmt"/>
          <line num="58" count="6" type="stmt"/>
          <line num="59" count="5" type="stmt"/>
          <line num="61" count="6" type="cond" truecount="2" falsecount="0"/>
          <line num="88" count="6" type="stmt"/>
          <line num="89" count="6" type="stmt"/>
          <line num="96" count="4" type="stmt"/>
          <line num="97" count="4" type="stmt"/>
          <line num="98" count="4" type="stmt"/>
          <line num="100" count="4" type="stmt"/>
          <line num="107" count="4" type="stmt"/>
          <line num="108" count="4" type="stmt"/>
          <line num="109" count="4" type="stmt"/>
          <line num="111" count="4" type="stmt"/>
          <line num="118" count="4" type="stmt"/>
          <line num="119" count="4" type="stmt"/>
          <line num="120" count="4" type="stmt"/>
          <line num="122" count="4" type="stmt"/>
          <line num="129" count="5" type="stmt"/>
          <line num="130" count="5" type="stmt"/>
          <line num="132" count="5" type="stmt"/>
          <line num="138" count="1" type="stmt"/>
          <line num="139" count="4" type="stmt"/>
          <line num="140" count="4" type="cond" truecount="2" falsecount="0"/>
          <line num="141" count="1" type="stmt"/>
          <line num="142" count="1" type="stmt"/>
          <line num="144" count="3" type="cond" truecount="2" falsecount="0"/>
          <line num="145" count="2" type="stmt"/>
          <line num="146" count="2" type="stmt"/>
          <line num="148" count="2" type="cond" truecount="2" falsecount="0"/>
          <line num="149" count="2" type="stmt"/>
          <line num="152" count="4" type="stmt"/>
        </file>
      </package>
      <package name="emitter">
        <metrics statements="34" coveredstatements="34" conditionals="14" coveredconditionals="14" methods="12" coveredmethods="12"/>
        <file name="index.js" path="/Users/joey/Desktop/react-demo/src/utils/core/emitter/index.js">
          <metrics statements="34" coveredstatements="34" conditionals="14" coveredconditionals="14" methods="12" coveredmethods="12"/>
          <line num="18" count="12" type="cond" truecount="2" falsecount="0"/>
          <line num="19" count="2" type="stmt"/>
          <line num="21" count="10" type="stmt"/>
          <line num="22" count="10" type="stmt"/>
          <line num="23" count="10" type="cond" truecount="2" falsecount="0"/>
          <line num="25" count="10" type="stmt"/>
          <line num="35" count="7" type="stmt"/>
          <line num="45" count="5" type="stmt"/>
          <line num="53" count="4" type="stmt"/>
          <line num="54" count="4" type="stmt"/>
          <line num="62" count="3" type="stmt"/>
          <line num="63" count="3" type="stmt"/>
          <line num="73" count="5" type="stmt"/>
          <line num="75" count="5" type="cond" truecount="2" falsecount="0"/>
          <line num="76" count="4" type="stmt"/>
          <line num="77" count="5" type="stmt"/>
          <line num="80" count="4" type="cond" truecount="2" falsecount="0"/>
          <line num="81" count="3" type="stmt"/>
          <line num="84" count="4" type="cond" truecount="2" falsecount="0"/>
          <line num="85" count="1" type="stmt"/>
          <line num="88" count="5" type="stmt"/>
          <line num="97" count="8" type="stmt"/>
          <line num="98" count="8" type="stmt"/>
          <line num="99" count="8" type="cond" truecount="2" falsecount="0"/>
          <line num="100" count="5" type="stmt"/>
          <line num="101" count="11" type="stmt"/>
          <line num="102" count="11" type="stmt"/>
          <line num="104" count="5" type="cond" truecount="2" falsecount="0"/>
          <line num="105" count="1" type="stmt"/>
          <line num="108" count="8" type="stmt"/>
          <line num="112" count="2" type="stmt"/>
          <line num="115" count="1" type="stmt"/>
          <line num="162" count="1" type="stmt"/>
          <line num="163" count="2" type="stmt"/>
        </file>
      </package>
      <package name="utils.comparator">
        <metrics statements="15" coveredstatements="15" conditionals="10" coveredconditionals="10" methods="11" coveredmethods="11"/>
        <file name="index.js" path="/Users/joey/Desktop/react-demo/src/utils/core/utils/comparator/index.js">
          <metrics statements="15" coveredstatements="15" conditionals="10" coveredconditionals="10" methods="11" coveredmethods="11"/>
          <line num="8" count="21" type="cond" truecount="2" falsecount="0"/>
          <line num="9" count="9" type="stmt"/>
          <line num="11" count="12" type="cond" truecount="2" falsecount="0"/>
          <line num="15" count="16" type="stmt"/>
          <line num="19" count="10" type="stmt"/>
          <line num="23" count="11" type="stmt"/>
          <line num="27" count="3" type="cond" truecount="2" falsecount="0"/>
          <line num="31" count="9" type="cond" truecount="2" falsecount="0"/>
          <line num="35" count="1" type="stmt"/>
          <line num="36" count="1" type="stmt"/>
          <line num="37" count="8" type="stmt"/>
          <line num="41" count="1" type="stmt"/>
          <line num="73" count="2" type="cond" truecount="2" falsecount="0"/>
          <line num="76" count="1" type="stmt"/>
          <line num="77" count="2" type="stmt"/>
        </file>
      </package>
      <package name="utils.findIndex">
        <metrics statements="6" coveredstatements="6" conditionals="2" coveredconditionals="2" methods="1" coveredmethods="1"/>
        <file name="index.js" path="/Users/joey/Desktop/react-demo/src/utils/core/utils/findIndex/index.js">
          <metrics statements="6" coveredstatements="6" conditionals="2" coveredconditionals="2" methods="1" coveredmethods="1"/>
          <line num="12" count="33" type="stmt"/>
          <line num="13" count="33" type="stmt"/>
          <line num="15" count="33" type="stmt"/>
          <line num="16" count="31" type="cond" truecount="2" falsecount="0"/>
          <line num="17" count="15" type="stmt"/>
          <line num="20" count="18" type="stmt"/>
        </file>
      </package>
      <package name="utils.forOwn">
        <metrics statements="5" coveredstatements="5" conditionals="6" coveredconditionals="6" methods="1" coveredmethods="1"/>
        <file name="index.js" path="/Users/joey/Desktop/react-demo/src/utils/core/utils/forOwn/index.js">
          <metrics statements="5" coveredstatements="5" conditionals="6" coveredconditionals="6" methods="1" coveredmethods="1"/>
          <line num="13" count="3" type="cond" truecount="2" falsecount="0"/>
          <line num="14" count="2" type="stmt"/>
          <line num="15" count="3" type="cond" truecount="2" falsecount="0"/>
          <line num="16" count="2" type="cond" truecount="2" falsecount="0"/>
          <line num="17" count="1" type="stmt"/>
        </file>
      </package>
      <package name="utils.isArray">
        <metrics statements="1" coveredstatements="1" conditionals="0" coveredconditionals="0" methods="1" coveredmethods="1"/>
        <file name="index.js" path="/Users/joey/Desktop/react-demo/src/utils/core/utils/isArray/index.js">
          <metrics statements="1" coveredstatements="1" conditionals="0" coveredconditionals="0" methods="1" coveredmethods="1"/>
          <line num="11" count="7" type="stmt"/>
        </file>
      </package>
      <package name="utils.isFunction">
        <metrics statements="1" coveredstatements="1" conditionals="0" coveredconditionals="0" methods="1" coveredmethods="1"/>
        <file name="index.js" path="/Users/joey/Desktop/react-demo/src/utils/core/utils/isFunction/index.js">
          <metrics statements="1" coveredstatements="1" conditionals="0" coveredconditionals="0" methods="1" coveredmethods="1"/>
          <line num="11" count="16" type="stmt"/>
        </file>
      </package>
      <package name="utils.isNil">
        <metrics statements="1" coveredstatements="1" conditionals="2" coveredconditionals="2" methods="1" coveredmethods="1"/>
        <file name="index.js" path="/Users/joey/Desktop/react-demo/src/utils/core/utils/isNil/index.js">
          <metrics statements="1" coveredstatements="1" conditionals="2" coveredconditionals="2" methods="1" coveredmethods="1"/>
          <line num="13" count="3" type="cond" truecount="2" falsecount="0"/>
        </file>
      </package>
      <package name="utils.isNull">
        <metrics statements="1" coveredstatements="1" conditionals="0" coveredconditionals="0" methods="1" coveredmethods="1"/>
        <file name="index.js" path="/Users/joey/Desktop/react-demo/src/utils/core/utils/isNull/index.js">
          <metrics statements="1" coveredstatements="1" conditionals="0" coveredconditionals="0" methods="1" coveredmethods="1"/>
          <line num="11" count="5" type="stmt"/>
        </file>
      </package>
      <package name="utils.isObject">
        <metrics statements="1" coveredstatements="1" conditionals="0" coveredconditionals="0" methods="1" coveredmethods="1"/>
        <file name="index.js" path="/Users/joey/Desktop/react-demo/src/utils/core/utils/isObject/index.js">
          <metrics statements="1" coveredstatements="1" conditionals="0" coveredconditionals="0" methods="1" coveredmethods="1"/>
          <line num="11" count="8" type="stmt"/>
        </file>
      </package>
      <package name="utils.isUndefined">
        <metrics statements="1" coveredstatements="1" conditionals="0" coveredconditionals="0" methods="1" coveredmethods="1"/>
        <file name="index.js" path="/Users/joey/Desktop/react-demo/src/utils/core/utils/isUndefined/index.js">
          <metrics statements="1" coveredstatements="1" conditionals="0" coveredconditionals="0" methods="1" coveredmethods="1"/>
          <line num="11" count="4" type="stmt"/>
        </file>
      </package>
    </metrics>
  </project>
</coverage>
