<?xml version="1.0" encoding="UTF-8"?>
<coverage generated="1534996713571" clover="3.2.0">
  <project timestamp="1534996713571" name="All files">
    <metrics statements="196" coveredstatements="196" conditionals="86" coveredconditionals="86" methods="71" coveredmethods="71" elements="353" coveredelements="353" complexity="0" loc="196" ncloc="196" packages="12" files="13" classes="13">
      <package name="collection.linkedList">
        <metrics statements="83" coveredstatements="83" conditionals="40" coveredconditionals="40" methods="18" coveredmethods="18"/>
        <file name="index.js" path="/Users/joey/Desktop/react-demo/src/utils/core/collection/linkedList/index.js">
          <metrics statements="77" coveredstatements="77" conditionals="36" coveredconditionals="36" methods="14" coveredmethods="14"/>
          <line num="16" count="3" type="stmt"/>
          <line num="17" count="3" type="stmt"/>
          <line num="20" count="3" type="cond" truecount="2" falsecount="0"/>
          <line num="21" count="1" type="stmt"/>
          <line num="24" count="3" type="stmt"/>
          <line num="32" count="34" type="stmt"/>
          <line num="35" count="34" type="cond" truecount="2" falsecount="0"/>
          <line num="36" count="9" type="stmt"/>
          <line num="37" count="9" type="stmt"/>
          <line num="39" count="9" type="stmt"/>
          <line num="43" count="25" type="stmt"/>
          <line num="44" count="25" type="stmt"/>
          <line num="46" count="25" type="stmt"/>
          <line num="54" count="7" type="cond" truecount="2" falsecount="0"/>
          <line num="55" count="1" type="stmt"/>
          <line num="58" count="6" type="stmt"/>
          <line num="62" count="6" type="cond" truecount="2" falsecount="0"/>
          <line num="63" count="3" type="stmt"/>
          <line num="64" count="3" type="stmt"/>
          <line num="67" count="6" type="stmt"/>
          <line num="69" count="6" type="cond" truecount="2" falsecount="0"/>
          <line num="71" count="5" type="stmt"/>
          <line num="72" count="16" type="cond" truecount="2" falsecount="0"/>
          <line num="73" count="5" type="stmt"/>
          <line num="74" count="5" type="stmt"/>
          <line num="76" count="11" type="stmt"/>
          <line num="82" count="6" type="cond" truecount="2" falsecount="0"/>
          <line num="83" count="3" type="stmt"/>
          <line num="86" count="6" type="stmt"/>
          <line num="96" count="8" type="cond" truecount="2" falsecount="0"/>
          <line num="97" count="1" type="stmt"/>
          <line num="100" count="7" type="stmt"/>
          <line num="102" count="7" type="stmt"/>
          <line num="104" count="16" type="cond" truecount="4" falsecount="0"/>
          <line num="105" count="1" type="stmt"/>
          <line num="109" count="15" type="cond" truecount="4" falsecount="0"/>
          <line num="110" count="3" type="stmt"/>
          <line num="113" count="12" type="stmt"/>
          <line num="116" count="3" type="stmt"/>
          <line num="123" count="3" type="stmt"/>
          <line num="125" count="3" type="cond" truecount="2" falsecount="0"/>
          <line num="127" count="1" type="stmt"/>
          <line num="128" count="1" type="stmt"/>
          <line num="130" count="1" type="stmt"/>
          <line num="136" count="2" type="stmt"/>
          <line num="137" count="2" type="stmt"/>
          <line num="138" count="3" type="cond" truecount="2" falsecount="0"/>
          <line num="139" count="2" type="stmt"/>
          <line num="141" count="1" type="stmt"/>
          <line num="145" count="2" type="stmt"/>
          <line num="147" count="2" type="stmt"/>
          <line num="154" count="3" type="cond" truecount="2" falsecount="0"/>
          <line num="155" count="1" type="stmt"/>
          <line num="158" count="2" type="stmt"/>
          <line num="160" count="2" type="cond" truecount="2" falsecount="0"/>
          <line num="161" count="1" type="stmt"/>
          <line num="163" count="1" type="stmt"/>
          <line num="164" count="1" type="stmt"/>
          <line num="167" count="2" type="stmt"/>
          <line num="175" count="2" type="stmt"/>
          <line num="176" count="2" type="cond" truecount="2" falsecount="0"/>
          <line num="177" count="1" type="stmt"/>
          <line num="178" count="8" type="stmt"/>
          <line num="182" count="2" type="stmt"/>
          <line num="189" count="17" type="stmt"/>
          <line num="191" count="17" type="stmt"/>
          <line num="192" count="17" type="stmt"/>
          <line num="193" count="35" type="stmt"/>
          <line num="194" count="35" type="stmt"/>
          <line num="197" count="17" type="stmt"/>
          <line num="205" count="35" type="stmt"/>
          <line num="208" count="1" type="stmt"/>
          <line num="256" count="12" type="stmt"/>
          <line num="259" count="12" type="stmt"/>
          <line num="261" count="12" type="stmt"/>
          <line num="264" count="1" type="stmt"/>
          <line num="265" count="12" type="stmt"/>
        </file>
        <file name="linkedListNode.js" path="/Users/joey/Desktop/react-demo/src/utils/core/collection/linkedList/linkedListNode.js">
          <metrics statements="6" coveredstatements="6" conditionals="4" coveredconditionals="4" methods="4" coveredmethods="4"/>
          <line num="8" count="58" type="cond" truecount="2" falsecount="0"/>
          <line num="11" count="1" type="stmt"/>
          <line num="23" count="43" type="stmt"/>
          <line num="24" count="43" type="cond" truecount="2" falsecount="0"/>
          <line num="27" count="1" type="stmt"/>
          <line num="28" count="43" type="stmt"/>
        </file>
      </package>
      <package name="collection.map">
        <metrics statements="47" coveredstatements="47" conditionals="12" coveredconditionals="12" methods="22" coveredmethods="22"/>
        <file name="index.js" path="/Users/joey/Desktop/react-demo/src/utils/core/collection/map/index.js">
          <metrics statements="47" coveredstatements="47" conditionals="12" coveredconditionals="12" methods="22" coveredmethods="22"/>
          <line num="9" count="5" type="stmt"/>
          <line num="13" count="8" type="stmt"/>
          <line num="14" count="7" type="stmt"/>
          <line num="19" count="6" type="stmt"/>
          <line num="20" count="5" type="stmt"/>
          <line num="22" count="6" type="cond" truecount="2" falsecount="0"/>
          <line num="26" count="6" type="stmt"/>
          <line num="27" count="6" type="stmt"/>
          <line num="31" count="4" type="stmt"/>
          <line num="32" count="4" type="stmt"/>
          <line num="33" count="4" type="stmt"/>
          <line num="35" count="4" type="stmt"/>
          <line num="39" count="4" type="stmt"/>
          <line num="40" count="4" type="stmt"/>
          <line num="41" count="4" type="stmt"/>
          <line num="43" count="4" type="stmt"/>
          <line num="47" count="4" type="stmt"/>
          <line num="48" count="4" type="stmt"/>
          <line num="49" count="4" type="stmt"/>
          <line num="51" count="4" type="stmt"/>
          <line num="55" count="5" type="stmt"/>
          <line num="56" count="5" type="stmt"/>
          <line num="58" count="5" type="stmt"/>
          <line num="62" count="6" type="stmt"/>
          <line num="63" count="2" type="stmt"/>
          <line num="65" count="6" type="cond" truecount="2" falsecount="0"/>
          <line num="66" count="1" type="stmt"/>
          <line num="68" count="5" type="stmt"/>
          <line num="70" count="6" type="stmt"/>
          <line num="74" count="3" type="stmt"/>
          <line num="75" count="4" type="stmt"/>
          <line num="77" count="3" type="cond" truecount="2" falsecount="0"/>
          <line num="78" count="1" type="stmt"/>
          <line num="80" count="3" type="stmt"/>
          <line num="83" count="1" type="stmt"/>
          <line num="148" count="4" type="stmt"/>
          <line num="151" count="1" type="stmt"/>
          <line num="152" count="4" type="stmt"/>
          <line num="153" count="4" type="cond" truecount="2" falsecount="0"/>
          <line num="154" count="1" type="stmt"/>
          <line num="155" count="1" type="stmt"/>
          <line num="157" count="3" type="cond" truecount="2" falsecount="0"/>
          <line num="158" count="2" type="stmt"/>
          <line num="159" count="2" type="stmt"/>
          <line num="161" count="2" type="cond" truecount="2" falsecount="0"/>
          <line num="162" count="2" type="stmt"/>
          <line num="165" count="4" type="stmt"/>
        </file>
      </package>
      <package name="emitter">
        <metrics statements="34" coveredstatements="34" conditionals="14" coveredconditionals="14" methods="12" coveredmethods="12"/>
        <file name="index.js" path="/Users/joey/Desktop/react-demo/src/utils/core/emitter/index.js">
          <metrics statements="34" coveredstatements="34" conditionals="14" coveredconditionals="14" methods="12" coveredmethods="12"/>
          <line num="18" count="12" type="cond" truecount="2" falsecount="0"/>
          <line num="19" count="2" type="stmt"/>
          <line num="21" count="10" type="stmt"/>
          <line num="22" count="10" type="stmt"/>
          <line num="23" count="10" type="cond" truecount="2" falsecount="0"/>
          <line num="25" count="10" type="stmt"/>
          <line num="35" count="7" type="stmt"/>
          <line num="45" count="5" type="stmt"/>
          <line num="53" count="4" type="stmt"/>
          <line num="54" count="4" type="stmt"/>
          <line num="62" count="3" type="stmt"/>
          <line num="63" count="3" type="stmt"/>
          <line num="73" count="5" type="stmt"/>
          <line num="75" count="5" type="cond" truecount="2" falsecount="0"/>
          <line num="76" count="4" type="stmt"/>
          <line num="77" count="5" type="stmt"/>
          <line num="80" count="4" type="cond" truecount="2" falsecount="0"/>
          <line num="81" count="3" type="stmt"/>
          <line num="84" count="4" type="cond" truecount="2" falsecount="0"/>
          <line num="85" count="1" type="stmt"/>
          <line num="88" count="5" type="stmt"/>
          <line num="97" count="8" type="stmt"/>
          <line num="98" count="8" type="stmt"/>
          <line num="99" count="8" type="cond" truecount="2" falsecount="0"/>
          <line num="100" count="5" type="stmt"/>
          <line num="101" count="11" type="stmt"/>
          <line num="102" count="11" type="stmt"/>
          <line num="104" count="5" type="cond" truecount="2" falsecount="0"/>
          <line num="105" count="1" type="stmt"/>
          <line num="108" count="8" type="stmt"/>
          <line num="111" count="1" type="stmt"/>
          <line num="159" count="2" type="stmt"/>
          <line num="162" count="1" type="stmt"/>
          <line num="163" count="2" type="stmt"/>
        </file>
      </package>
      <package name="utils.comparator">
        <metrics statements="15" coveredstatements="15" conditionals="10" coveredconditionals="10" methods="11" coveredmethods="11"/>
        <file name="index.js" path="/Users/joey/Desktop/react-demo/src/utils/core/utils/comparator/index.js">
          <metrics statements="15" coveredstatements="15" conditionals="10" coveredconditionals="10" methods="11" coveredmethods="11"/>
          <line num="8" count="57" type="cond" truecount="2" falsecount="0"/>
          <line num="9" count="22" type="stmt"/>
          <line num="11" count="35" type="cond" truecount="2" falsecount="0"/>
          <line num="15" count="57" type="stmt"/>
          <line num="19" count="10" type="stmt"/>
          <line num="23" count="11" type="stmt"/>
          <line num="27" count="3" type="cond" truecount="2" falsecount="0"/>
          <line num="31" count="9" type="cond" truecount="2" falsecount="0"/>
          <line num="35" count="1" type="stmt"/>
          <line num="36" count="1" type="stmt"/>
          <line num="37" count="8" type="stmt"/>
          <line num="41" count="2" type="stmt"/>
          <line num="73" count="14" type="cond" truecount="2" falsecount="0"/>
          <line num="76" count="2" type="stmt"/>
          <line num="77" count="14" type="stmt"/>
        </file>
      </package>
      <package name="utils.findIndex">
        <metrics statements="6" coveredstatements="6" conditionals="2" coveredconditionals="2" methods="1" coveredmethods="1"/>
        <file name="index.js" path="/Users/joey/Desktop/react-demo/src/utils/core/utils/findIndex/index.js">
          <metrics statements="6" coveredstatements="6" conditionals="2" coveredconditionals="2" methods="1" coveredmethods="1"/>
          <line num="12" count="33" type="stmt"/>
          <line num="13" count="33" type="stmt"/>
          <line num="15" count="33" type="stmt"/>
          <line num="16" count="31" type="cond" truecount="2" falsecount="0"/>
          <line num="17" count="15" type="stmt"/>
          <line num="20" count="18" type="stmt"/>
        </file>
      </package>
      <package name="utils.forOwn">
        <metrics statements="5" coveredstatements="5" conditionals="6" coveredconditionals="6" methods="1" coveredmethods="1"/>
        <file name="index.js" path="/Users/joey/Desktop/react-demo/src/utils/core/utils/forOwn/index.js">
          <metrics statements="5" coveredstatements="5" conditionals="6" coveredconditionals="6" methods="1" coveredmethods="1"/>
          <line num="13" count="3" type="cond" truecount="2" falsecount="0"/>
          <line num="14" count="2" type="stmt"/>
          <line num="15" count="3" type="cond" truecount="2" falsecount="0"/>
          <line num="16" count="2" type="cond" truecount="2" falsecount="0"/>
          <line num="17" count="1" type="stmt"/>
        </file>
      </package>
      <package name="utils.isArray">
        <metrics statements="1" coveredstatements="1" conditionals="0" coveredconditionals="0" methods="1" coveredmethods="1"/>
        <file name="index.js" path="/Users/joey/Desktop/react-demo/src/utils/core/utils/isArray/index.js">
          <metrics statements="1" coveredstatements="1" conditionals="0" coveredconditionals="0" methods="1" coveredmethods="1"/>
          <line num="11" count="9" type="stmt"/>
        </file>
      </package>
      <package name="utils.isFunction">
        <metrics statements="1" coveredstatements="1" conditionals="0" coveredconditionals="0" methods="1" coveredmethods="1"/>
        <file name="index.js" path="/Users/joey/Desktop/react-demo/src/utils/core/utils/isFunction/index.js">
          <metrics statements="1" coveredstatements="1" conditionals="0" coveredconditionals="0" methods="1" coveredmethods="1"/>
          <line num="11" count="102" type="stmt"/>
        </file>
      </package>
      <package name="utils.isNil">
        <metrics statements="1" coveredstatements="1" conditionals="2" coveredconditionals="2" methods="1" coveredmethods="1"/>
        <file name="index.js" path="/Users/joey/Desktop/react-demo/src/utils/core/utils/isNil/index.js">
          <metrics statements="1" coveredstatements="1" conditionals="2" coveredconditionals="2" methods="1" coveredmethods="1"/>
          <line num="13" count="3" type="cond" truecount="2" falsecount="0"/>
        </file>
      </package>
      <package name="utils.isNull">
        <metrics statements="1" coveredstatements="1" conditionals="0" coveredconditionals="0" methods="1" coveredmethods="1"/>
        <file name="index.js" path="/Users/joey/Desktop/react-demo/src/utils/core/utils/isNull/index.js">
          <metrics statements="1" coveredstatements="1" conditionals="0" coveredconditionals="0" methods="1" coveredmethods="1"/>
          <line num="11" count="5" type="stmt"/>
        </file>
      </package>
      <package name="utils.isObject">
        <metrics statements="1" coveredstatements="1" conditionals="0" coveredconditionals="0" methods="1" coveredmethods="1"/>
        <file name="index.js" path="/Users/joey/Desktop/react-demo/src/utils/core/utils/isObject/index.js">
          <metrics statements="1" coveredstatements="1" conditionals="0" coveredconditionals="0" methods="1" coveredmethods="1"/>
          <line num="11" count="8" type="stmt"/>
        </file>
      </package>
      <package name="utils.isUndefined">
        <metrics statements="1" coveredstatements="1" conditionals="0" coveredconditionals="0" methods="1" coveredmethods="1"/>
        <file name="index.js" path="/Users/joey/Desktop/react-demo/src/utils/core/utils/isUndefined/index.js">
          <metrics statements="1" coveredstatements="1" conditionals="0" coveredconditionals="0" methods="1" coveredmethods="1"/>
          <line num="11" count="62" type="stmt"/>
        </file>
      </package>
    </metrics>
  </project>
</coverage>
