{"/Users/joey/Desktop/react-demo/src/utils/core/collection/linkedList/index.js": {"path":"/Users/joey/Desktop/react-demo/src/utils/core/collection/linkedList/index.js","statementMap":{"0":{"start":{"line":16,"column":18},"end":{"line":16,"column":54}},"1":{"start":{"line":17,"column":2},"end":{"line":17,"column":22}},"2":{"start":{"line":20,"column":2},"end":{"line":22,"column":3}},"3":{"start":{"line":21,"column":3},"end":{"line":21,"column":23}},"4":{"start":{"line":24,"column":2},"end":{"line":24,"column":14}},"5":{"start":{"line":32,"column":18},"end":{"line":32,"column":43}},"6":{"start":{"line":35,"column":2},"end":{"line":40,"column":3}},"7":{"start":{"line":36,"column":3},"end":{"line":36,"column":23}},"8":{"start":{"line":37,"column":3},"end":{"line":37,"column":23}},"9":{"start":{"line":39,"column":3},"end":{"line":39,"column":15}},"10":{"start":{"line":43,"column":2},"end":{"line":43,"column":27}},"11":{"start":{"line":44,"column":2},"end":{"line":44,"column":22}},"12":{"start":{"line":46,"column":2},"end":{"line":46,"column":14}},"13":{"start":{"line":54,"column":2},"end":{"line":56,"column":3}},"14":{"start":{"line":55,"column":3},"end":{"line":55,"column":15}},"15":{"start":{"line":58,"column":20},"end":{"line":58,"column":24}},"16":{"start":{"line":62,"column":2},"end":{"line":65,"column":3}},"17":{"start":{"line":63,"column":3},"end":{"line":63,"column":27}},"18":{"start":{"line":64,"column":3},"end":{"line":64,"column":30}},"19":{"start":{"line":67,"column":20},"end":{"line":67,"column":29}},"20":{"start":{"line":69,"column":2},"end":{"line":79,"column":3}},"21":{"start":{"line":71,"column":3},"end":{"line":78,"column":4}},"22":{"start":{"line":72,"column":4},"end":{"line":77,"column":5}},"23":{"start":{"line":73,"column":5},"end":{"line":73,"column":36}},"24":{"start":{"line":74,"column":5},"end":{"line":74,"column":46}},"25":{"start":{"line":76,"column":5},"end":{"line":76,"column":36}},"26":{"start":{"line":82,"column":2},"end":{"line":84,"column":3}},"27":{"start":{"line":83,"column":3},"end":{"line":83,"column":27}},"28":{"start":{"line":86,"column":2},"end":{"line":86,"column":21}},"29":{"start":{"line":96,"column":2},"end":{"line":98,"column":3}},"30":{"start":{"line":97,"column":3},"end":{"line":97,"column":15}},"31":{"start":{"line":100,"column":20},"end":{"line":100,"column":29}},"32":{"start":{"line":102,"column":2},"end":{"line":114,"column":3}},"33":{"start":{"line":104,"column":3},"end":{"line":106,"column":4}},"34":{"start":{"line":105,"column":4},"end":{"line":105,"column":23}},"35":{"start":{"line":109,"column":3},"end":{"line":111,"column":4}},"36":{"start":{"line":110,"column":4},"end":{"line":110,"column":23}},"37":{"start":{"line":113,"column":3},"end":{"line":113,"column":34}},"38":{"start":{"line":116,"column":2},"end":{"line":116,"column":14}},"39":{"start":{"line":123,"column":22},"end":{"line":123,"column":31}},"40":{"start":{"line":125,"column":2},"end":{"line":131,"column":3}},"41":{"start":{"line":127,"column":3},"end":{"line":127,"column":20}},"42":{"start":{"line":128,"column":3},"end":{"line":128,"column":20}},"43":{"start":{"line":130,"column":3},"end":{"line":130,"column":22}},"44":{"start":{"line":136,"column":20},"end":{"line":136,"column":29}},"45":{"start":{"line":137,"column":2},"end":{"line":143,"column":3}},"46":{"start":{"line":138,"column":3},"end":{"line":142,"column":4}},"47":{"start":{"line":139,"column":4},"end":{"line":139,"column":28}},"48":{"start":{"line":141,"column":4},"end":{"line":141,"column":35}},"49":{"start":{"line":145,"column":2},"end":{"line":145,"column":26}},"50":{"start":{"line":147,"column":2},"end":{"line":147,"column":21}},"51":{"start":{"line":154,"column":2},"end":{"line":156,"column":3}},"52":{"start":{"line":155,"column":3},"end":{"line":155,"column":15}},"53":{"start":{"line":158,"column":22},"end":{"line":158,"column":31}},"54":{"start":{"line":160,"column":2},"end":{"line":165,"column":3}},"55":{"start":{"line":161,"column":3},"end":{"line":161,"column":30}},"56":{"start":{"line":163,"column":3},"end":{"line":163,"column":20}},"57":{"start":{"line":164,"column":3},"end":{"line":164,"column":20}},"58":{"start":{"line":167,"column":2},"end":{"line":167,"column":21}},"59":{"start":{"line":175,"column":13},"end":{"line":175,"column":17}},"60":{"start":{"line":176,"column":2},"end":{"line":180,"column":3}},"61":{"start":{"line":177,"column":3},"end":{"line":179,"column":6}},"62":{"start":{"line":178,"column":4},"end":{"line":178,"column":23}},"63":{"start":{"line":182,"column":2},"end":{"line":182,"column":14}},"64":{"start":{"line":189,"column":16},"end":{"line":189,"column":18}},"65":{"start":{"line":191,"column":20},"end":{"line":191,"column":29}},"66":{"start":{"line":192,"column":2},"end":{"line":195,"column":3}},"67":{"start":{"line":193,"column":3},"end":{"line":193,"column":27}},"68":{"start":{"line":194,"column":3},"end":{"line":194,"column":34}},"69":{"start":{"line":197,"column":2},"end":{"line":197,"column":15}},"70":{"start":{"line":205,"column":2},"end":{"line":205,"column":72}},"71":{"start":{"line":205,"column":36},"end":{"line":205,"column":59}},"72":{"start":{"line":208,"column":1},"end":{"line":249,"column":4}},"73":{"start":{"line":256,"column":2},"end":{"line":256,"column":19}},"74":{"start":{"line":259,"column":2},"end":{"line":259,"column":19}},"75":{"start":{"line":261,"column":2},"end":{"line":261,"column":52}},"76":{"start":{"line":264,"column":1},"end":{"line":266,"column":3}},"77":{"start":{"line":265,"column":2},"end":{"line":265,"column":44}}},"fnMap":{"0":{"name":"(anonymous_0)","decl":{"start":{"line":7,"column":16},"end":{"line":7,"column":17}},"loc":{"start":{"line":7,"column":28},"end":{"line":267,"column":1}},"line":7},"1":{"name":"prepend","decl":{"start":{"line":14,"column":10},"end":{"line":14,"column":17}},"loc":{"start":{"line":14,"column":26},"end":{"line":25,"column":2}},"line":14},"2":{"name":"append","decl":{"start":{"line":31,"column":10},"end":{"line":31,"column":16}},"loc":{"start":{"line":31,"column":25},"end":{"line":47,"column":2}},"line":31},"3":{"name":"_delete","decl":{"start":{"line":53,"column":10},"end":{"line":53,"column":17}},"loc":{"start":{"line":53,"column":26},"end":{"line":87,"column":2}},"line":53},"4":{"name":"find","decl":{"start":{"line":95,"column":10},"end":{"line":95,"column":14}},"loc":{"start":{"line":95,"column":59},"end":{"line":117,"column":2}},"line":95},"5":{"name":"deleteTail","decl":{"start":{"line":122,"column":10},"end":{"line":122,"column":20}},"loc":{"start":{"line":122,"column":24},"end":{"line":148,"column":2}},"line":122},"6":{"name":"deleteHead","decl":{"start":{"line":153,"column":10},"end":{"line":153,"column":20}},"loc":{"start":{"line":153,"column":24},"end":{"line":168,"column":2}},"line":153},"7":{"name":"fromArray","decl":{"start":{"line":174,"column":10},"end":{"line":174,"column":19}},"loc":{"start":{"line":174,"column":29},"end":{"line":183,"column":2}},"line":174},"8":{"name":"(anonymous_8)","decl":{"start":{"line":177,"column":18},"end":{"line":177,"column":19}},"loc":{"start":{"line":177,"column":35},"end":{"line":179,"column":4}},"line":177},"9":{"name":"toArray","decl":{"start":{"line":188,"column":10},"end":{"line":188,"column":17}},"loc":{"start":{"line":188,"column":21},"end":{"line":198,"column":2}},"line":188},"10":{"name":"toString","decl":{"start":{"line":204,"column":10},"end":{"line":204,"column":18}},"loc":{"start":{"line":204,"column":30},"end":{"line":206,"column":2}},"line":204},"11":{"name":"(anonymous_11)","decl":{"start":{"line":205,"column":28},"end":{"line":205,"column":29}},"loc":{"start":{"line":205,"column":36},"end":{"line":205,"column":59}},"line":205},"12":{"name":"LinkedList","decl":{"start":{"line":254,"column":10},"end":{"line":254,"column":20}},"loc":{"start":{"line":254,"column":42},"end":{"line":262,"column":2}},"line":254},"13":{"name":"linkedList","decl":{"start":{"line":264,"column":17},"end":{"line":264,"column":27}},"loc":{"start":{"line":264,"column":49},"end":{"line":266,"column":2}},"line":264}},"branchMap":{"0":{"loc":{"start":{"line":20,"column":2},"end":{"line":22,"column":3}},"type":"if","locations":[{"start":{"line":20,"column":2},"end":{"line":22,"column":3}},{"start":{"line":20,"column":2},"end":{"line":22,"column":3}}],"line":20},"1":{"loc":{"start":{"line":35,"column":2},"end":{"line":40,"column":3}},"type":"if","locations":[{"start":{"line":35,"column":2},"end":{"line":40,"column":3}},{"start":{"line":35,"column":2},"end":{"line":40,"column":3}}],"line":35},"2":{"loc":{"start":{"line":54,"column":2},"end":{"line":56,"column":3}},"type":"if","locations":[{"start":{"line":54,"column":2},"end":{"line":56,"column":3}},{"start":{"line":54,"column":2},"end":{"line":56,"column":3}}],"line":54},"3":{"loc":{"start":{"line":62,"column":9},"end":{"line":62,"column":64}},"type":"binary-expr","locations":[{"start":{"line":62,"column":9},"end":{"line":62,"column":18}},{"start":{"line":62,"column":22},"end":{"line":62,"column":64}}],"line":62},"4":{"loc":{"start":{"line":69,"column":2},"end":{"line":79,"column":3}},"type":"if","locations":[{"start":{"line":69,"column":2},"end":{"line":79,"column":3}},{"start":{"line":69,"column":2},"end":{"line":79,"column":3}}],"line":69},"5":{"loc":{"start":{"line":72,"column":4},"end":{"line":77,"column":5}},"type":"if","locations":[{"start":{"line":72,"column":4},"end":{"line":77,"column":5}},{"start":{"line":72,"column":4},"end":{"line":77,"column":5}}],"line":72},"6":{"loc":{"start":{"line":82,"column":2},"end":{"line":84,"column":3}},"type":"if","locations":[{"start":{"line":82,"column":2},"end":{"line":84,"column":3}},{"start":{"line":82,"column":2},"end":{"line":84,"column":3}}],"line":82},"7":{"loc":{"start":{"line":95,"column":17},"end":{"line":95,"column":34}},"type":"default-arg","locations":[{"start":{"line":95,"column":25},"end":{"line":95,"column":34}}],"line":95},"8":{"loc":{"start":{"line":95,"column":36},"end":{"line":95,"column":56}},"type":"default-arg","locations":[{"start":{"line":95,"column":47},"end":{"line":95,"column":56}}],"line":95},"9":{"loc":{"start":{"line":96,"column":2},"end":{"line":98,"column":3}},"type":"if","locations":[{"start":{"line":96,"column":2},"end":{"line":98,"column":3}},{"start":{"line":96,"column":2},"end":{"line":98,"column":3}}],"line":96},"10":{"loc":{"start":{"line":104,"column":3},"end":{"line":106,"column":4}},"type":"if","locations":[{"start":{"line":104,"column":3},"end":{"line":106,"column":4}},{"start":{"line":104,"column":3},"end":{"line":106,"column":4}}],"line":104},"11":{"loc":{"start":{"line":104,"column":7},"end":{"line":104,"column":58}},"type":"binary-expr","locations":[{"start":{"line":104,"column":7},"end":{"line":104,"column":27}},{"start":{"line":104,"column":31},"end":{"line":104,"column":58}}],"line":104},"12":{"loc":{"start":{"line":109,"column":3},"end":{"line":111,"column":4}},"type":"if","locations":[{"start":{"line":109,"column":3},"end":{"line":111,"column":4}},{"start":{"line":109,"column":3},"end":{"line":111,"column":4}}],"line":109},"13":{"loc":{"start":{"line":109,"column":7},"end":{"line":109,"column":74}},"type":"binary-expr","locations":[{"start":{"line":109,"column":7},"end":{"line":109,"column":26}},{"start":{"line":109,"column":30},"end":{"line":109,"column":74}}],"line":109},"14":{"loc":{"start":{"line":125,"column":2},"end":{"line":131,"column":3}},"type":"if","locations":[{"start":{"line":125,"column":2},"end":{"line":131,"column":3}},{"start":{"line":125,"column":2},"end":{"line":131,"column":3}}],"line":125},"15":{"loc":{"start":{"line":138,"column":3},"end":{"line":142,"column":4}},"type":"if","locations":[{"start":{"line":138,"column":3},"end":{"line":142,"column":4}},{"start":{"line":138,"column":3},"end":{"line":142,"column":4}}],"line":138},"16":{"loc":{"start":{"line":154,"column":2},"end":{"line":156,"column":3}},"type":"if","locations":[{"start":{"line":154,"column":2},"end":{"line":156,"column":3}},{"start":{"line":154,"column":2},"end":{"line":156,"column":3}}],"line":154},"17":{"loc":{"start":{"line":160,"column":2},"end":{"line":165,"column":3}},"type":"if","locations":[{"start":{"line":160,"column":2},"end":{"line":165,"column":3}},{"start":{"line":160,"column":2},"end":{"line":165,"column":3}}],"line":160},"18":{"loc":{"start":{"line":176,"column":2},"end":{"line":180,"column":3}},"type":"if","locations":[{"start":{"line":176,"column":2},"end":{"line":180,"column":3}},{"start":{"line":176,"column":2},"end":{"line":180,"column":3}}],"line":176}},"s":{"0":3,"1":3,"2":3,"3":1,"4":3,"5":34,"6":34,"7":9,"8":9,"9":9,"10":25,"11":25,"12":25,"13":7,"14":1,"15":6,"16":6,"17":3,"18":3,"19":6,"20":6,"21":5,"22":16,"23":5,"24":5,"25":11,"26":6,"27":3,"28":6,"29":8,"30":1,"31":7,"32":7,"33":16,"34":1,"35":15,"36":3,"37":12,"38":3,"39":3,"40":3,"41":1,"42":1,"43":1,"44":2,"45":2,"46":3,"47":2,"48":1,"49":2,"50":2,"51":3,"52":1,"53":2,"54":2,"55":1,"56":1,"57":1,"58":2,"59":2,"60":2,"61":1,"62":8,"63":2,"64":17,"65":17,"66":17,"67":35,"68":35,"69":17,"70":17,"71":35,"72":1,"73":12,"74":12,"75":12,"76":1,"77":12},"f":{"0":1,"1":3,"2":34,"3":7,"4":8,"5":3,"6":3,"7":2,"8":8,"9":17,"10":17,"11":35,"12":12,"13":12},"b":{"0":[1,2],"1":[9,25],"2":[1,6],"3":[9,8],"4":[5,1],"5":[5,11],"6":[3,3],"7":[2],"8":[6],"9":[1,7],"10":[1,15],"11":[16,5],"12":[3,12],"13":[15,11],"14":[1,2],"15":[2,1],"16":[1,2],"17":[1,1],"18":[1,1]},"_coverageSchema":"332fd63041d2c1bcb487cc26dd0d5f7d97098a6c","hash":"39d587eaf401be4a95ec8116ad4a29697082fadf"}
,"/Users/joey/Desktop/react-demo/src/utils/core/collection/linkedList/linkedListNode.js": {"path":"/Users/joey/Desktop/react-demo/src/utils/core/collection/linkedList/linkedListNode.js","statementMap":{"0":{"start":{"line":8,"column":2},"end":{"line":8,"column":74}},"1":{"start":{"line":11,"column":1},"end":{"line":20,"column":4}},"2":{"start":{"line":23,"column":2},"end":{"line":23,"column":21}},"3":{"start":{"line":24,"column":2},"end":{"line":24,"column":46}},"4":{"start":{"line":27,"column":1},"end":{"line":29,"column":3}},"5":{"start":{"line":28,"column":2},"end":{"line":28,"column":41}}},"fnMap":{"0":{"name":"(anonymous_0)","decl":{"start":{"line":4,"column":16},"end":{"line":4,"column":17}},"loc":{"start":{"line":4,"column":28},"end":{"line":30,"column":1}},"line":4},"1":{"name":"toString","decl":{"start":{"line":7,"column":10},"end":{"line":7,"column":18}},"loc":{"start":{"line":7,"column":30},"end":{"line":9,"column":2}},"line":7},"2":{"name":"LinkedListNode","decl":{"start":{"line":22,"column":10},"end":{"line":22,"column":24}},"loc":{"start":{"line":22,"column":39},"end":{"line":25,"column":2}},"line":22},"3":{"name":"linkedListNode","decl":{"start":{"line":27,"column":17},"end":{"line":27,"column":31}},"loc":{"start":{"line":27,"column":46},"end":{"line":29,"column":2}},"line":27}},"branchMap":{"0":{"loc":{"start":{"line":8,"column":9},"end":{"line":8,"column":73}},"type":"cond-expr","locations":[{"start":{"line":8,"column":32},"end":{"line":8,"column":52}},{"start":{"line":8,"column":55},"end":{"line":8,"column":73}}],"line":8},"1":{"loc":{"start":{"line":24,"column":14},"end":{"line":24,"column":45}},"type":"cond-expr","locations":[{"start":{"line":24,"column":34},"end":{"line":24,"column":38}},{"start":{"line":24,"column":41},"end":{"line":24,"column":45}}],"line":24}},"s":{"0":58,"1":1,"2":43,"3":43,"4":1,"5":43},"f":{"0":1,"1":58,"2":43,"3":43},"b":{"0":[3,55],"1":[39,4]},"_coverageSchema":"332fd63041d2c1bcb487cc26dd0d5f7d97098a6c","hash":"d60a18197228a6bddbabd836d295db5f183db78d"}
,"/Users/joey/Desktop/react-demo/src/utils/core/collection/map/index.js": {"path":"/Users/joey/Desktop/react-demo/src/utils/core/collection/map/index.js","statementMap":{"0":{"start":{"line":9,"column":2},"end":{"line":9,"column":30}},"1":{"start":{"line":13,"column":2},"end":{"line":15,"column":12}},"2":{"start":{"line":14,"column":3},"end":{"line":14,"column":33}},"3":{"start":{"line":19,"column":14},"end":{"line":21,"column":4}},"4":{"start":{"line":20,"column":3},"end":{"line":20,"column":33}},"5":{"start":{"line":22,"column":2},"end":{"line":22,"column":63}},"6":{"start":{"line":26,"column":2},"end":{"line":26,"column":21}},"7":{"start":{"line":27,"column":2},"end":{"line":27,"column":14}},"8":{"start":{"line":31,"column":13},"end":{"line":31,"column":15}},"9":{"start":{"line":32,"column":2},"end":{"line":34,"column":5}},"10":{"start":{"line":33,"column":3},"end":{"line":33,"column":24}},"11":{"start":{"line":35,"column":2},"end":{"line":35,"column":14}},"12":{"start":{"line":39,"column":15},"end":{"line":39,"column":17}},"13":{"start":{"line":40,"column":2},"end":{"line":42,"column":5}},"14":{"start":{"line":41,"column":3},"end":{"line":41,"column":28}},"15":{"start":{"line":43,"column":2},"end":{"line":43,"column":16}},"16":{"start":{"line":47,"column":16},"end":{"line":47,"column":18}},"17":{"start":{"line":48,"column":2},"end":{"line":50,"column":5}},"18":{"start":{"line":49,"column":3},"end":{"line":49,"column":42}},"19":{"start":{"line":51,"column":2},"end":{"line":51,"column":17}},"20":{"start":{"line":55,"column":2},"end":{"line":57,"column":5}},"21":{"start":{"line":56,"column":3},"end":{"line":56,"column":36}},"22":{"start":{"line":58,"column":2},"end":{"line":58,"column":14}},"23":{"start":{"line":62,"column":14},"end":{"line":64,"column":4}},"24":{"start":{"line":63,"column":3},"end":{"line":63,"column":33}},"25":{"start":{"line":65,"column":2},"end":{"line":69,"column":3}},"26":{"start":{"line":66,"column":3},"end":{"line":66,"column":38}},"27":{"start":{"line":68,"column":3},"end":{"line":68,"column":53}},"28":{"start":{"line":70,"column":2},"end":{"line":70,"column":14}},"29":{"start":{"line":74,"column":14},"end":{"line":76,"column":4}},"30":{"start":{"line":75,"column":3},"end":{"line":75,"column":33}},"31":{"start":{"line":77,"column":2},"end":{"line":79,"column":3}},"32":{"start":{"line":78,"column":3},"end":{"line":78,"column":34}},"33":{"start":{"line":80,"column":2},"end":{"line":80,"column":14}},"34":{"start":{"line":83,"column":1},"end":{"line":145,"column":4}},"35":{"start":{"line":148,"column":2},"end":{"line":148,"column":15}},"36":{"start":{"line":151,"column":1},"end":{"line":166,"column":3}},"37":{"start":{"line":152,"column":13},"end":{"line":152,"column":20}},"38":{"start":{"line":153,"column":2},"end":{"line":164,"column":3}},"39":{"start":{"line":154,"column":3},"end":{"line":156,"column":6}},"40":{"start":{"line":155,"column":4},"end":{"line":155,"column":25}},"41":{"start":{"line":157,"column":9},"end":{"line":164,"column":3}},"42":{"start":{"line":158,"column":11},"end":{"line":158,"column":13}},"43":{"start":{"line":159,"column":8},"end":{"line":159,"column":21}},"44":{"start":{"line":161,"column":3},"end":{"line":163,"column":4}},"45":{"start":{"line":162,"column":4},"end":{"line":162,"column":25}},"46":{"start":{"line":165,"column":2},"end":{"line":165,"column":14}}},"fnMap":{"0":{"name":"(anonymous_0)","decl":{"start":{"line":7,"column":16},"end":{"line":7,"column":17}},"loc":{"start":{"line":7,"column":28},"end":{"line":167,"column":1}},"line":7},"1":{"name":"size","decl":{"start":{"line":8,"column":10},"end":{"line":8,"column":14}},"loc":{"start":{"line":8,"column":18},"end":{"line":10,"column":2}},"line":8},"2":{"name":"has","decl":{"start":{"line":12,"column":10},"end":{"line":12,"column":13}},"loc":{"start":{"line":12,"column":25},"end":{"line":16,"column":2}},"line":12},"3":{"name":"(anonymous_3)","decl":{"start":{"line":13,"column":34},"end":{"line":13,"column":35}},"loc":{"start":{"line":13,"column":51},"end":{"line":15,"column":3}},"line":13},"4":{"name":"get","decl":{"start":{"line":18,"column":10},"end":{"line":18,"column":13}},"loc":{"start":{"line":18,"column":25},"end":{"line":23,"column":2}},"line":18},"5":{"name":"(anonymous_5)","decl":{"start":{"line":19,"column":39},"end":{"line":19,"column":40}},"loc":{"start":{"line":19,"column":56},"end":{"line":21,"column":3}},"line":19},"6":{"name":"clear","decl":{"start":{"line":25,"column":10},"end":{"line":25,"column":15}},"loc":{"start":{"line":25,"column":19},"end":{"line":28,"column":2}},"line":25},"7":{"name":"keys","decl":{"start":{"line":30,"column":10},"end":{"line":30,"column":14}},"loc":{"start":{"line":30,"column":18},"end":{"line":36,"column":2}},"line":30},"8":{"name":"(anonymous_8)","decl":{"start":{"line":32,"column":24},"end":{"line":32,"column":25}},"loc":{"start":{"line":32,"column":41},"end":{"line":34,"column":3}},"line":32},"9":{"name":"values","decl":{"start":{"line":38,"column":10},"end":{"line":38,"column":16}},"loc":{"start":{"line":38,"column":20},"end":{"line":44,"column":2}},"line":38},"10":{"name":"(anonymous_10)","decl":{"start":{"line":40,"column":24},"end":{"line":40,"column":25}},"loc":{"start":{"line":40,"column":41},"end":{"line":42,"column":3}},"line":40},"11":{"name":"entries","decl":{"start":{"line":46,"column":10},"end":{"line":46,"column":17}},"loc":{"start":{"line":46,"column":21},"end":{"line":52,"column":2}},"line":46},"12":{"name":"(anonymous_12)","decl":{"start":{"line":48,"column":24},"end":{"line":48,"column":25}},"loc":{"start":{"line":48,"column":41},"end":{"line":50,"column":3}},"line":48},"13":{"name":"forEach","decl":{"start":{"line":54,"column":10},"end":{"line":54,"column":17}},"loc":{"start":{"line":54,"column":29},"end":{"line":59,"column":2}},"line":54},"14":{"name":"(anonymous_14)","decl":{"start":{"line":55,"column":24},"end":{"line":55,"column":25}},"loc":{"start":{"line":55,"column":41},"end":{"line":57,"column":3}},"line":55},"15":{"name":"setItem","decl":{"start":{"line":61,"column":10},"end":{"line":61,"column":17}},"loc":{"start":{"line":61,"column":36},"end":{"line":71,"column":2}},"line":61},"16":{"name":"(anonymous_16)","decl":{"start":{"line":62,"column":39},"end":{"line":62,"column":40}},"loc":{"start":{"line":62,"column":56},"end":{"line":64,"column":3}},"line":62},"17":{"name":"removeItem","decl":{"start":{"line":73,"column":10},"end":{"line":73,"column":20}},"loc":{"start":{"line":73,"column":32},"end":{"line":81,"column":2}},"line":73},"18":{"name":"(anonymous_18)","decl":{"start":{"line":74,"column":39},"end":{"line":74,"column":40}},"loc":{"start":{"line":74,"column":56},"end":{"line":76,"column":3}},"line":74},"19":{"name":"Map","decl":{"start":{"line":147,"column":10},"end":{"line":147,"column":13}},"loc":{"start":{"line":147,"column":17},"end":{"line":149,"column":2}},"line":147},"20":{"name":"map","decl":{"start":{"line":151,"column":17},"end":{"line":151,"column":20}},"loc":{"start":{"line":151,"column":30},"end":{"line":166,"column":2}},"line":151},"21":{"name":"(anonymous_21)","decl":{"start":{"line":154,"column":18},"end":{"line":154,"column":19}},"loc":{"start":{"line":154,"column":40},"end":{"line":156,"column":4}},"line":154}},"branchMap":{"0":{"loc":{"start":{"line":22,"column":9},"end":{"line":22,"column":62}},"type":"cond-expr","locations":[{"start":{"line":22,"column":24},"end":{"line":22,"column":33}},{"start":{"line":22,"column":36},"end":{"line":22,"column":62}}],"line":22},"1":{"loc":{"start":{"line":65,"column":2},"end":{"line":69,"column":3}},"type":"if","locations":[{"start":{"line":65,"column":2},"end":{"line":69,"column":3}},{"start":{"line":65,"column":2},"end":{"line":69,"column":3}}],"line":65},"2":{"loc":{"start":{"line":77,"column":2},"end":{"line":79,"column":3}},"type":"if","locations":[{"start":{"line":77,"column":2},"end":{"line":79,"column":3}},{"start":{"line":77,"column":2},"end":{"line":79,"column":3}}],"line":77},"3":{"loc":{"start":{"line":153,"column":2},"end":{"line":164,"column":3}},"type":"if","locations":[{"start":{"line":153,"column":2},"end":{"line":164,"column":3}},{"start":{"line":153,"column":2},"end":{"line":164,"column":3}}],"line":153},"4":{"loc":{"start":{"line":157,"column":9},"end":{"line":164,"column":3}},"type":"if","locations":[{"start":{"line":157,"column":9},"end":{"line":164,"column":3}},{"start":{"line":157,"column":9},"end":{"line":164,"column":3}}],"line":157},"5":{"loc":{"start":{"line":161,"column":10},"end":{"line":161,"column":43}},"type":"binary-expr","locations":[{"start":{"line":161,"column":10},"end":{"line":161,"column":17}},{"start":{"line":161,"column":21},"end":{"line":161,"column":43}}],"line":161}},"s":{"0":5,"1":8,"2":7,"3":6,"4":5,"5":6,"6":6,"7":6,"8":4,"9":4,"10":4,"11":4,"12":4,"13":4,"14":4,"15":4,"16":4,"17":4,"18":4,"19":4,"20":5,"21":5,"22":5,"23":6,"24":2,"25":6,"26":1,"27":5,"28":6,"29":3,"30":4,"31":3,"32":1,"33":3,"34":1,"35":4,"36":1,"37":4,"38":4,"39":1,"40":1,"41":3,"42":2,"43":2,"44":2,"45":2,"46":4},"f":{"0":1,"1":5,"2":8,"3":7,"4":6,"5":5,"6":6,"7":4,"8":4,"9":4,"10":4,"11":4,"12":4,"13":5,"14":5,"15":6,"16":2,"17":3,"18":4,"19":4,"20":4,"21":1},"b":{"0":[2,4],"1":[1,5],"2":[1,2],"3":[1,3],"4":[2,1],"5":[4,2]},"_coverageSchema":"332fd63041d2c1bcb487cc26dd0d5f7d97098a6c","hash":"26afcc79b05c3e2ede019fcd451709d860e024d9"}
,"/Users/joey/Desktop/react-demo/src/utils/core/emitter/index.js": {"path":"/Users/joey/Desktop/react-demo/src/utils/core/emitter/index.js","statementMap":{"0":{"start":{"line":18,"column":2},"end":{"line":20,"column":3}},"1":{"start":{"line":19,"column":3},"end":{"line":19,"column":52}},"2":{"start":{"line":21,"column":12},"end":{"line":21,"column":40}},"3":{"start":{"line":22,"column":9},"end":{"line":22,"column":45}},"4":{"start":{"line":23,"column":2},"end":{"line":24,"column":42}},"5":{"start":{"line":25,"column":2},"end":{"line":25,"column":14}},"6":{"start":{"line":35,"column":2},"end":{"line":35,"column":56}},"7":{"start":{"line":45,"column":2},"end":{"line":45,"column":55}},"8":{"start":{"line":53,"column":2},"end":{"line":53,"column":30}},"9":{"start":{"line":54,"column":2},"end":{"line":54,"column":14}},"10":{"start":{"line":62,"column":2},"end":{"line":62,"column":38}},"11":{"start":{"line":63,"column":2},"end":{"line":63,"column":14}},"12":{"start":{"line":73,"column":12},"end":{"line":73,"column":40}},"13":{"start":{"line":75,"column":2},"end":{"line":87,"column":3}},"14":{"start":{"line":76,"column":3},"end":{"line":78,"column":6}},"15":{"start":{"line":77,"column":4},"end":{"line":77,"column":39}},"16":{"start":{"line":80,"column":3},"end":{"line":82,"column":4}},"17":{"start":{"line":81,"column":4},"end":{"line":81,"column":25}},"18":{"start":{"line":84,"column":3},"end":{"line":86,"column":4}},"19":{"start":{"line":85,"column":4},"end":{"line":85,"column":40}},"20":{"start":{"line":88,"column":2},"end":{"line":88,"column":14}},"21":{"start":{"line":97,"column":12},"end":{"line":97,"column":40}},"22":{"start":{"line":98,"column":9},"end":{"line":98,"column":18}},"23":{"start":{"line":99,"column":2},"end":{"line":107,"column":3}},"24":{"start":{"line":100,"column":3},"end":{"line":103,"column":6}},"25":{"start":{"line":101,"column":4},"end":{"line":101,"column":54}},"26":{"start":{"line":102,"column":4},"end":{"line":102,"column":25}},"27":{"start":{"line":104,"column":3},"end":{"line":106,"column":4}},"28":{"start":{"line":105,"column":4},"end":{"line":105,"column":40}},"29":{"start":{"line":108,"column":2},"end":{"line":108,"column":14}},"30":{"start":{"line":111,"column":1},"end":{"line":156,"column":4}},"31":{"start":{"line":159,"column":2},"end":{"line":159,"column":27}},"32":{"start":{"line":162,"column":1},"end":{"line":164,"column":3}},"33":{"start":{"line":163,"column":2},"end":{"line":163,"column":21}}},"fnMap":{"0":{"name":"(anonymous_0)","decl":{"start":{"line":7,"column":16},"end":{"line":7,"column":17}},"loc":{"start":{"line":7,"column":28},"end":{"line":165,"column":1}},"line":7},"1":{"name":"_addListener","decl":{"start":{"line":17,"column":10},"end":{"line":17,"column":22}},"loc":{"start":{"line":17,"column":48},"end":{"line":26,"column":2}},"line":17},"2":{"name":"addListener","decl":{"start":{"line":34,"column":10},"end":{"line":34,"column":21}},"loc":{"start":{"line":34,"column":39},"end":{"line":36,"column":2}},"line":34},"3":{"name":"addOnceListener","decl":{"start":{"line":44,"column":10},"end":{"line":44,"column":25}},"loc":{"start":{"line":44,"column":43},"end":{"line":46,"column":2}},"line":44},"4":{"name":"removeAllListener","decl":{"start":{"line":52,"column":10},"end":{"line":52,"column":27}},"loc":{"start":{"line":52,"column":31},"end":{"line":55,"column":2}},"line":52},"5":{"name":"removeCategoryListener","decl":{"start":{"line":61,"column":10},"end":{"line":61,"column":32}},"loc":{"start":{"line":61,"column":40},"end":{"line":64,"column":2}},"line":61},"6":{"name":"removeListener","decl":{"start":{"line":72,"column":10},"end":{"line":72,"column":24}},"loc":{"start":{"line":72,"column":42},"end":{"line":89,"column":2}},"line":72},"7":{"name":"(anonymous_7)","decl":{"start":{"line":76,"column":26},"end":{"line":76,"column":27}},"loc":{"start":{"line":76,"column":43},"end":{"line":78,"column":4}},"line":76},"8":{"name":"trigger","decl":{"start":{"line":96,"column":10},"end":{"line":96,"column":17}},"loc":{"start":{"line":96,"column":25},"end":{"line":109,"column":2}},"line":96},"9":{"name":"(anonymous_9)","decl":{"start":{"line":100,"column":45},"end":{"line":100,"column":46}},"loc":{"start":{"line":100,"column":62},"end":{"line":103,"column":4}},"line":100},"10":{"name":"Emitter","decl":{"start":{"line":158,"column":10},"end":{"line":158,"column":17}},"loc":{"start":{"line":158,"column":21},"end":{"line":160,"column":2}},"line":158},"11":{"name":"emitter","decl":{"start":{"line":162,"column":17},"end":{"line":162,"column":24}},"loc":{"start":{"line":162,"column":28},"end":{"line":164,"column":2}},"line":162}},"branchMap":{"0":{"loc":{"start":{"line":18,"column":2},"end":{"line":20,"column":3}},"type":"if","locations":[{"start":{"line":18,"column":2},"end":{"line":20,"column":3}},{"start":{"line":18,"column":2},"end":{"line":20,"column":3}}],"line":18},"1":{"loc":{"start":{"line":23,"column":2},"end":{"line":24,"column":41}},"type":"cond-expr","locations":[{"start":{"line":23,"column":8},"end":{"line":23,"column":21}},{"start":{"line":24,"column":5},"end":{"line":24,"column":41}}],"line":23},"2":{"loc":{"start":{"line":75,"column":2},"end":{"line":87,"column":3}},"type":"if","locations":[{"start":{"line":75,"column":2},"end":{"line":87,"column":3}},{"start":{"line":75,"column":2},"end":{"line":87,"column":3}}],"line":75},"3":{"loc":{"start":{"line":80,"column":3},"end":{"line":82,"column":4}},"type":"if","locations":[{"start":{"line":80,"column":3},"end":{"line":82,"column":4}},{"start":{"line":80,"column":3},"end":{"line":82,"column":4}}],"line":80},"4":{"loc":{"start":{"line":84,"column":3},"end":{"line":86,"column":4}},"type":"if","locations":[{"start":{"line":84,"column":3},"end":{"line":86,"column":4}},{"start":{"line":84,"column":3},"end":{"line":86,"column":4}}],"line":84},"5":{"loc":{"start":{"line":99,"column":2},"end":{"line":107,"column":3}},"type":"if","locations":[{"start":{"line":99,"column":2},"end":{"line":107,"column":3}},{"start":{"line":99,"column":2},"end":{"line":107,"column":3}}],"line":99},"6":{"loc":{"start":{"line":104,"column":3},"end":{"line":106,"column":4}},"type":"if","locations":[{"start":{"line":104,"column":3},"end":{"line":106,"column":4}},{"start":{"line":104,"column":3},"end":{"line":106,"column":4}}],"line":104}},"s":{"0":12,"1":2,"2":10,"3":10,"4":10,"5":10,"6":7,"7":5,"8":4,"9":4,"10":3,"11":3,"12":5,"13":5,"14":4,"15":5,"16":4,"17":3,"18":4,"19":1,"20":5,"21":8,"22":8,"23":8,"24":5,"25":11,"26":11,"27":5,"28":1,"29":8,"30":1,"31":2,"32":1,"33":2},"f":{"0":1,"1":12,"2":7,"3":5,"4":4,"5":3,"6":5,"7":5,"8":8,"9":11,"10":2,"11":2},"b":{"0":[2,10],"1":[5,5],"2":[4,1],"3":[3,1],"4":[1,3],"5":[5,3],"6":[1,4]},"_coverageSchema":"332fd63041d2c1bcb487cc26dd0d5f7d97098a6c","hash":"f03a83de34a99710cf0aa61b894bc77bf9c74e51"}
,"/Users/joey/Desktop/react-demo/src/utils/core/utils/comparator/index.js": {"path":"/Users/joey/Desktop/react-demo/src/utils/core/utils/comparator/index.js","statementMap":{"0":{"start":{"line":8,"column":2},"end":{"line":10,"column":3}},"1":{"start":{"line":9,"column":3},"end":{"line":9,"column":12}},"2":{"start":{"line":11,"column":2},"end":{"line":11,"column":24}},"3":{"start":{"line":15,"column":2},"end":{"line":15,"column":34}},"4":{"start":{"line":19,"column":2},"end":{"line":19,"column":32}},"5":{"start":{"line":23,"column":2},"end":{"line":23,"column":32}},"6":{"start":{"line":27,"column":2},"end":{"line":27,"column":49}},"7":{"start":{"line":31,"column":2},"end":{"line":31,"column":52}},"8":{"start":{"line":35,"column":24},"end":{"line":35,"column":36}},"9":{"start":{"line":36,"column":2},"end":{"line":38,"column":4}},"10":{"start":{"line":37,"column":3},"end":{"line":37,"column":32}},"11":{"start":{"line":41,"column":1},"end":{"line":70,"column":4}},"12":{"start":{"line":73,"column":2},"end":{"line":73,"column":88}},"13":{"start":{"line":76,"column":1},"end":{"line":78,"column":3}},"14":{"start":{"line":77,"column":2},"end":{"line":77,"column":41}}},"fnMap":{"0":{"name":"(anonymous_0)","decl":{"start":{"line":6,"column":16},"end":{"line":6,"column":17}},"loc":{"start":{"line":6,"column":28},"end":{"line":79,"column":1}},"line":6},"1":{"name":"defaultCompareFunction","decl":{"start":{"line":7,"column":10},"end":{"line":7,"column":32}},"loc":{"start":{"line":7,"column":40},"end":{"line":12,"column":2}},"line":7},"2":{"name":"equal","decl":{"start":{"line":14,"column":10},"end":{"line":14,"column":15}},"loc":{"start":{"line":14,"column":23},"end":{"line":16,"column":2}},"line":14},"3":{"name":"lessThan","decl":{"start":{"line":18,"column":10},"end":{"line":18,"column":18}},"loc":{"start":{"line":18,"column":26},"end":{"line":20,"column":2}},"line":18},"4":{"name":"greaterThan","decl":{"start":{"line":22,"column":10},"end":{"line":22,"column":21}},"loc":{"start":{"line":22,"column":29},"end":{"line":24,"column":2}},"line":22},"5":{"name":"lessThanOrEqual","decl":{"start":{"line":26,"column":10},"end":{"line":26,"column":25}},"loc":{"start":{"line":26,"column":33},"end":{"line":28,"column":2}},"line":26},"6":{"name":"greaterThanOrEqual","decl":{"start":{"line":30,"column":10},"end":{"line":30,"column":28}},"loc":{"start":{"line":30,"column":36},"end":{"line":32,"column":2}},"line":30},"7":{"name":"reverse","decl":{"start":{"line":34,"column":10},"end":{"line":34,"column":17}},"loc":{"start":{"line":34,"column":21},"end":{"line":39,"column":2}},"line":34},"8":{"name":"(anonymous_8)","decl":{"start":{"line":36,"column":17},"end":{"line":36,"column":18}},"loc":{"start":{"line":36,"column":33},"end":{"line":38,"column":3}},"line":36},"9":{"name":"Comparator","decl":{"start":{"line":72,"column":10},"end":{"line":72,"column":20}},"loc":{"start":{"line":72,"column":39},"end":{"line":74,"column":2}},"line":72},"10":{"name":"comparator","decl":{"start":{"line":76,"column":17},"end":{"line":76,"column":27}},"loc":{"start":{"line":76,"column":46},"end":{"line":78,"column":2}},"line":76}},"branchMap":{"0":{"loc":{"start":{"line":8,"column":2},"end":{"line":10,"column":3}},"type":"if","locations":[{"start":{"line":8,"column":2},"end":{"line":10,"column":3}},{"start":{"line":8,"column":2},"end":{"line":10,"column":3}}],"line":8},"1":{"loc":{"start":{"line":11,"column":9},"end":{"line":11,"column":23}},"type":"cond-expr","locations":[{"start":{"line":11,"column":17},"end":{"line":11,"column":19}},{"start":{"line":11,"column":22},"end":{"line":11,"column":23}}],"line":11},"2":{"loc":{"start":{"line":27,"column":9},"end":{"line":27,"column":48}},"type":"binary-expr","locations":[{"start":{"line":27,"column":9},"end":{"line":27,"column":28}},{"start":{"line":27,"column":32},"end":{"line":27,"column":48}}],"line":27},"3":{"loc":{"start":{"line":31,"column":9},"end":{"line":31,"column":51}},"type":"binary-expr","locations":[{"start":{"line":31,"column":9},"end":{"line":31,"column":31}},{"start":{"line":31,"column":35},"end":{"line":31,"column":51}}],"line":31},"4":{"loc":{"start":{"line":73,"column":17},"end":{"line":73,"column":87}},"type":"cond-expr","locations":[{"start":{"line":73,"column":47},"end":{"line":73,"column":62}},{"start":{"line":73,"column":65},"end":{"line":73,"column":87}}],"line":73}},"s":{"0":57,"1":22,"2":35,"3":57,"4":10,"5":11,"6":3,"7":9,"8":1,"9":1,"10":8,"11":2,"12":14,"13":2,"14":14},"f":{"0":2,"1":57,"2":57,"3":10,"4":11,"5":3,"6":9,"7":1,"8":8,"9":14,"10":14},"b":{"0":[22,35],"1":[20,15],"2":[3,3],"3":[9,6],"4":[2,12]},"_coverageSchema":"332fd63041d2c1bcb487cc26dd0d5f7d97098a6c","hash":"77d686c667fe1e733bff57b3dcb37b566b0c0be8"}
,"/Users/joey/Desktop/react-demo/src/utils/core/utils/findIndex/index.js": {"path":"/Users/joey/Desktop/react-demo/src/utils/core/utils/findIndex/index.js","statementMap":{"0":{"start":{"line":12,"column":11},"end":{"line":12,"column":19}},"1":{"start":{"line":13,"column":6},"end":{"line":13,"column":8}},"2":{"start":{"line":15,"column":1},"end":{"line":19,"column":2}},"3":{"start":{"line":16,"column":2},"end":{"line":18,"column":3}},"4":{"start":{"line":17,"column":3},"end":{"line":17,"column":12}},"5":{"start":{"line":20,"column":1},"end":{"line":20,"column":11}}},"fnMap":{"0":{"name":"findIndex","decl":{"start":{"line":11,"column":24},"end":{"line":11,"column":33}},"loc":{"start":{"line":11,"column":49},"end":{"line":21,"column":1}},"line":11}},"branchMap":{"0":{"loc":{"start":{"line":16,"column":2},"end":{"line":18,"column":3}},"type":"if","locations":[{"start":{"line":16,"column":2},"end":{"line":18,"column":3}},{"start":{"line":16,"column":2},"end":{"line":18,"column":3}}],"line":16}},"s":{"0":33,"1":33,"2":33,"3":31,"4":15,"5":18},"f":{"0":33},"b":{"0":[15,16]},"_coverageSchema":"332fd63041d2c1bcb487cc26dd0d5f7d97098a6c","hash":"6c86b45814623a0228fba0f9ac7354e028e56f69"}
,"/Users/joey/Desktop/react-demo/src/utils/core/utils/forOwn/index.js": {"path":"/Users/joey/Desktop/react-demo/src/utils/core/utils/forOwn/index.js","statementMap":{"0":{"start":{"line":13,"column":1},"end":{"line":21,"column":2}},"1":{"start":{"line":14,"column":2},"end":{"line":20,"column":3}},"2":{"start":{"line":15,"column":3},"end":{"line":19,"column":4}},"3":{"start":{"line":16,"column":4},"end":{"line":18,"column":5}},"4":{"start":{"line":17,"column":5},"end":{"line":17,"column":12}}},"fnMap":{"0":{"name":"forOwn","decl":{"start":{"line":12,"column":24},"end":{"line":12,"column":30}},"loc":{"start":{"line":12,"column":50},"end":{"line":22,"column":1}},"line":12}},"branchMap":{"0":{"loc":{"start":{"line":13,"column":1},"end":{"line":21,"column":2}},"type":"if","locations":[{"start":{"line":13,"column":1},"end":{"line":21,"column":2}},{"start":{"line":13,"column":1},"end":{"line":21,"column":2}}],"line":13},"1":{"loc":{"start":{"line":15,"column":3},"end":{"line":19,"column":4}},"type":"if","locations":[{"start":{"line":15,"column":3},"end":{"line":19,"column":4}},{"start":{"line":15,"column":3},"end":{"line":19,"column":4}}],"line":15},"2":{"loc":{"start":{"line":16,"column":4},"end":{"line":18,"column":5}},"type":"if","locations":[{"start":{"line":16,"column":4},"end":{"line":18,"column":5}},{"start":{"line":16,"column":4},"end":{"line":18,"column":5}}],"line":16}},"s":{"0":3,"1":2,"2":3,"3":2,"4":1},"f":{"0":3},"b":{"0":[2,1],"1":[2,1],"2":[1,1]},"_coverageSchema":"332fd63041d2c1bcb487cc26dd0d5f7d97098a6c","hash":"12ba440e36997cf4826c6fb6f23f6abd619da4c9"}
,"/Users/joey/Desktop/react-demo/src/utils/core/utils/isArray/index.js": {"path":"/Users/joey/Desktop/react-demo/src/utils/core/utils/isArray/index.js","statementMap":{"0":{"start":{"line":11,"column":1},"end":{"line":11,"column":25}}},"fnMap":{"0":{"name":"isArray","decl":{"start":{"line":10,"column":24},"end":{"line":10,"column":31}},"loc":{"start":{"line":10,"column":36},"end":{"line":12,"column":1}},"line":10}},"branchMap":{},"s":{"0":9},"f":{"0":9},"b":{},"_coverageSchema":"332fd63041d2c1bcb487cc26dd0d5f7d97098a6c","hash":"aacb0cd8fd2bc6603e96bdde411c1c576e63704f"}
,"/Users/joey/Desktop/react-demo/src/utils/core/utils/isFunction/index.js": {"path":"/Users/joey/Desktop/react-demo/src/utils/core/utils/isFunction/index.js","statementMap":{"0":{"start":{"line":11,"column":1},"end":{"line":11,"column":32}}},"fnMap":{"0":{"name":"isFunction","decl":{"start":{"line":10,"column":24},"end":{"line":10,"column":34}},"loc":{"start":{"line":10,"column":39},"end":{"line":12,"column":1}},"line":10}},"branchMap":{},"s":{"0":102},"f":{"0":102},"b":{},"_coverageSchema":"332fd63041d2c1bcb487cc26dd0d5f7d97098a6c","hash":"c19880527a99a9e3111dca884ecf518b28ff424e"}
,"/Users/joey/Desktop/react-demo/src/utils/core/utils/isNil/index.js": {"path":"/Users/joey/Desktop/react-demo/src/utils/core/utils/isNil/index.js","statementMap":{"0":{"start":{"line":13,"column":1},"end":{"line":13,"column":36}}},"fnMap":{"0":{"name":"isNil","decl":{"start":{"line":12,"column":24},"end":{"line":12,"column":29}},"loc":{"start":{"line":12,"column":34},"end":{"line":14,"column":1}},"line":12}},"branchMap":{"0":{"loc":{"start":{"line":13,"column":8},"end":{"line":13,"column":35}},"type":"binary-expr","locations":[{"start":{"line":13,"column":8},"end":{"line":13,"column":17}},{"start":{"line":13,"column":21},"end":{"line":13,"column":35}}],"line":13}},"s":{"0":3},"f":{"0":3},"b":{"0":[3,2]},"_coverageSchema":"332fd63041d2c1bcb487cc26dd0d5f7d97098a6c","hash":"6a9138e8049f13b20145e9870e1b2fd654e29983"}
,"/Users/joey/Desktop/react-demo/src/utils/core/utils/isNull/index.js": {"path":"/Users/joey/Desktop/react-demo/src/utils/core/utils/isNull/index.js","statementMap":{"0":{"start":{"line":11,"column":1},"end":{"line":11,"column":19}}},"fnMap":{"0":{"name":"isNull","decl":{"start":{"line":10,"column":24},"end":{"line":10,"column":30}},"loc":{"start":{"line":10,"column":35},"end":{"line":12,"column":1}},"line":10}},"branchMap":{},"s":{"0":5},"f":{"0":5},"b":{},"_coverageSchema":"332fd63041d2c1bcb487cc26dd0d5f7d97098a6c","hash":"9937ad09f99ad2229a2e1a6447c64dae01dc915b"}
,"/Users/joey/Desktop/react-demo/src/utils/core/utils/isObject/index.js": {"path":"/Users/joey/Desktop/react-demo/src/utils/core/utils/isObject/index.js","statementMap":{"0":{"start":{"line":11,"column":1},"end":{"line":11,"column":64}}},"fnMap":{"0":{"name":"isObject","decl":{"start":{"line":10,"column":24},"end":{"line":10,"column":32}},"loc":{"start":{"line":10,"column":37},"end":{"line":12,"column":1}},"line":10}},"branchMap":{},"s":{"0":8},"f":{"0":8},"b":{},"_coverageSchema":"332fd63041d2c1bcb487cc26dd0d5f7d97098a6c","hash":"8c9b9ed2ccd5d2396ca0ea368d56292da0cb4e53"}
,"/Users/joey/Desktop/react-demo/src/utils/core/utils/isUndefined/index.js": {"path":"/Users/joey/Desktop/react-demo/src/utils/core/utils/isUndefined/index.js","statementMap":{"0":{"start":{"line":11,"column":1},"end":{"line":11,"column":24}}},"fnMap":{"0":{"name":"isUndefined","decl":{"start":{"line":10,"column":24},"end":{"line":10,"column":35}},"loc":{"start":{"line":10,"column":40},"end":{"line":12,"column":1}},"line":10}},"branchMap":{},"s":{"0":62},"f":{"0":62},"b":{},"_coverageSchema":"332fd63041d2c1bcb487cc26dd0d5f7d97098a6c","hash":"3a3c34653454eeba6959789505bcdf87282e5771"}
}
