TN:
SF:/Users/joey/Desktop/react-demo/src/utils/core/dataStructures/linkedList/index.js
FN:8,(anonymous_0)
FN:15,isEmpty
FN:23,prepend
FN:40,append
FN:60,_delete
FN:102,find
FN:128,deleteTail
FN:154,deleteHead
FN:171,fromArray
FN:174,(anonymous_9)
FN:185,toArray
FN:200,toString
FN:201,(anonymous_12)
FN:256,LinkedList
FN:266,linkedList
FNF:15
FNH:15
FNDA:3,(anonymous_0)
FNDA:20,isEmpty
FNDA:3,prepend
FNDA:55,append
FNDA:7,_delete
FNDA:9,find
FNDA:8,deleteTail
FNDA:8,deleteHead
FNDA:2,fromArray
FNDA:8,(anonymous_9)
FNDA:22,toArray
FNDA:21,toString
FNDA:43,(anonymous_12)
FNDA:25,LinkedList
FNDA:25,linkedList
DA:16,20
DA:25,3
DA:26,3
DA:29,3
DA:30,1
DA:33,3
DA:41,55
DA:44,55
DA:45,20
DA:46,20
DA:49,35
DA:50,35
DA:53,55
DA:61,7
DA:62,1
DA:65,6
DA:69,6
DA:70,3
DA:71,3
DA:74,6
DA:76,6
DA:78,5
DA:79,16
DA:80,5
DA:81,5
DA:83,11
DA:89,6
DA:90,3
DA:93,6
DA:103,9
DA:104,9
DA:105,9
DA:106,9
DA:108,9
DA:110,16
DA:111,1
DA:115,15
DA:116,3
DA:119,12
DA:122,5
DA:129,8
DA:130,8
DA:132,8
DA:134,4
DA:135,4
DA:137,4
DA:138,5
DA:139,4
DA:141,1
DA:145,4
DA:148,8
DA:155,8
DA:156,8
DA:158,5
DA:159,5
DA:161,3
DA:164,8
DA:172,2
DA:173,2
DA:174,1
DA:175,8
DA:179,2
DA:186,22
DA:187,22
DA:188,22
DA:189,46
DA:190,46
DA:193,22
DA:201,21
DA:202,43
DA:206,3
DA:258,25
DA:261,25
DA:263,25
DA:266,3
DA:267,25
LF:76
LH:76
BRDA:29,0,0,1
BRDA:29,0,1,2
BRDA:44,1,0,20
BRDA:44,1,1,35
BRDA:61,2,0,1
BRDA:61,2,1,6
BRDA:69,3,0,9
BRDA:69,3,1,8
BRDA:76,4,0,5
BRDA:76,4,1,1
BRDA:79,5,0,5
BRDA:79,5,1,11
BRDA:89,6,0,3
BRDA:89,6,1,3
BRDA:103,7,0,8
BRDA:103,7,1,1
BRDA:110,8,0,1
BRDA:110,8,1,15
BRDA:110,9,0,16
BRDA:110,9,1,5
BRDA:110,9,2,5
BRDA:115,10,0,3
BRDA:115,10,1,12
BRDA:115,11,0,15
BRDA:115,11,1,11
BRDA:132,12,0,4
BRDA:132,12,1,4
BRDA:138,13,0,4
BRDA:138,13,1,1
BRDA:156,14,0,5
BRDA:156,14,1,3
BRDA:173,15,0,1
BRDA:173,15,1,1
BRF:33
BRH:33
end_of_record
TN:
SF:/Users/joey/Desktop/react-demo/src/utils/core/dataStructures/linkedList/linkedListNode.js
FN:4,(anonymous_0)
FN:7,toString
FN:22,LinkedListNode
FN:27,linkedListNode
FNF:4
FNH:4
FNDA:3,(anonymous_0)
FNDA:63,toString
FNDA:58,LinkedListNode
FNDA:58,linkedListNode
DA:8,63
DA:11,3
DA:23,58
DA:24,58
DA:27,3
DA:28,58
LF:6
LH:6
BRDA:8,0,0,6
BRDA:8,0,1,57
BRDA:24,1,0,55
BRDA:24,1,1,3
BRF:4
BRH:4
end_of_record
TN:
SF:/Users/joey/Desktop/react-demo/src/utils/core/dataStructures/map/index.js
FN:7,(anonymous_0)
FN:8,size
FN:12,has
FN:13,(anonymous_3)
FN:18,get
FN:19,(anonymous_5)
FN:25,clear
FN:30,keys
FN:32,(anonymous_8)
FN:38,values
FN:40,(anonymous_10)
FN:46,entries
FN:48,(anonymous_12)
FN:54,forEach
FN:55,(anonymous_14)
FN:61,setItem
FN:62,(anonymous_16)
FN:73,removeItem
FN:74,(anonymous_18)
FN:147,Map
FN:151,map
FN:154,(anonymous_21)
FNF:22
FNH:22
FNDA:1,(anonymous_0)
FNDA:5,size
FNDA:8,has
FNDA:7,(anonymous_3)
FNDA:6,get
FNDA:5,(anonymous_5)
FNDA:6,clear
FNDA:4,keys
FNDA:4,(anonymous_8)
FNDA:4,values
FNDA:4,(anonymous_10)
FNDA:4,entries
FNDA:4,(anonymous_12)
FNDA:5,forEach
FNDA:5,(anonymous_14)
FNDA:6,setItem
FNDA:2,(anonymous_16)
FNDA:3,removeItem
FNDA:4,(anonymous_18)
FNDA:4,Map
FNDA:4,map
FNDA:1,(anonymous_21)
DA:9,5
DA:13,8
DA:14,7
DA:19,6
DA:20,5
DA:22,6
DA:26,6
DA:27,6
DA:31,4
DA:32,4
DA:33,4
DA:35,4
DA:39,4
DA:40,4
DA:41,4
DA:43,4
DA:47,4
DA:48,4
DA:49,4
DA:51,4
DA:55,5
DA:56,5
DA:58,5
DA:62,6
DA:63,2
DA:65,6
DA:66,1
DA:68,5
DA:70,6
DA:74,3
DA:75,4
DA:77,3
DA:78,1
DA:80,3
DA:83,1
DA:148,4
DA:151,1
DA:152,4
DA:153,4
DA:154,1
DA:155,1
DA:157,3
DA:158,2
DA:159,2
DA:161,2
DA:162,2
DA:165,4
LF:47
LH:47
BRDA:22,0,0,2
BRDA:22,0,1,4
BRDA:65,1,0,1
BRDA:65,1,1,5
BRDA:77,2,0,1
BRDA:77,2,1,2
BRDA:153,3,0,1
BRDA:153,3,1,3
BRDA:157,4,0,2
BRDA:157,4,1,1
BRDA:161,5,0,4
BRDA:161,5,1,2
BRF:12
BRH:12
end_of_record
TN:
SF:/Users/joey/Desktop/react-demo/src/utils/core/dataStructures/queue/index.js
FN:3,(anonymous_0)
FN:9,isEmpty
FN:16,peek
FN:23,enqueue
FN:30,dequeue
FN:39,toString
FN:70,Queue
FN:74,queue
FNF:8
FNH:8
FNDA:1,(anonymous_0)
FNDA:6,isEmpty
FNDA:3,peek
FNDA:9,enqueue
FNDA:5,dequeue
FNDA:2,toString
FNDA:6,Queue
FNDA:6,queue
DA:10,6
DA:17,3
DA:24,9
DA:31,5
DA:32,5
DA:40,2
DA:43,1
DA:71,6
DA:74,1
DA:75,6
LF:10
LH:10
BRDA:17,0,0,1
BRDA:17,0,1,2
BRDA:32,1,0,4
BRDA:32,1,1,1
BRF:4
BRH:4
end_of_record
TN:
SF:/Users/joey/Desktop/react-demo/src/utils/core/dataStructures/stack/index.js
FN:3,(anonymous_0)
FN:9,isEmpty
FN:16,peek
FN:23,push
FN:30,pop
FN:38,toArray
FN:39,(anonymous_6)
FN:48,toString
FN:83,Stack
FN:87,stack
FNF:10
FNH:10
FNDA:1,(anonymous_0)
FNDA:7,isEmpty
FNDA:4,peek
FNDA:12,push
FNDA:5,pop
FNDA:1,toArray
FNDA:3,(anonymous_6)
FNDA:2,toString
FNDA:7,Stack
FNDA:7,stack
DA:10,7
DA:17,4
DA:24,12
DA:31,5
DA:32,5
DA:39,1
DA:40,3
DA:49,2
DA:52,1
DA:84,7
DA:87,1
DA:88,7
LF:12
LH:12
BRDA:17,0,0,2
BRDA:17,0,1,2
BRDA:32,1,0,4
BRDA:32,1,1,1
BRF:4
BRH:4
end_of_record
TN:
SF:/Users/joey/Desktop/react-demo/src/utils/core/emitter/index.js
FN:7,(anonymous_0)
FN:17,_addListener
FN:34,addListener
FN:44,addOnceListener
FN:52,removeAllListener
FN:61,removeCategoryListener
FN:72,removeListener
FN:76,(anonymous_7)
FN:96,trigger
FN:100,(anonymous_9)
FN:158,Emitter
FN:162,emitter
FNF:12
FNH:12
FNDA:1,(anonymous_0)
FNDA:12,_addListener
FNDA:7,addListener
FNDA:5,addOnceListener
FNDA:4,removeAllListener
FNDA:3,removeCategoryListener
FNDA:5,removeListener
FNDA:5,(anonymous_7)
FNDA:8,trigger
FNDA:11,(anonymous_9)
FNDA:2,Emitter
FNDA:2,emitter
DA:18,12
DA:19,2
DA:21,10
DA:22,10
DA:23,10
DA:25,10
DA:35,7
DA:45,5
DA:53,4
DA:54,4
DA:62,3
DA:63,3
DA:73,5
DA:75,5
DA:76,4
DA:77,5
DA:80,4
DA:81,3
DA:84,4
DA:85,1
DA:88,5
DA:97,8
DA:98,8
DA:99,8
DA:100,5
DA:101,11
DA:102,11
DA:104,5
DA:105,1
DA:108,8
DA:111,1
DA:159,2
DA:162,1
DA:163,2
LF:34
LH:34
BRDA:18,0,0,2
BRDA:18,0,1,10
BRDA:23,1,0,5
BRDA:23,1,1,5
BRDA:75,2,0,4
BRDA:75,2,1,1
BRDA:80,3,0,3
BRDA:80,3,1,1
BRDA:84,4,0,1
BRDA:84,4,1,3
BRDA:99,5,0,5
BRDA:99,5,1,3
BRDA:104,6,0,1
BRDA:104,6,1,4
BRF:14
BRH:14
end_of_record
TN:
SF:/Users/joey/Desktop/react-demo/src/utils/core/utils/comparator/index.js
FN:6,(anonymous_0)
FN:7,defaultCompareFunction
FN:14,equal
FN:18,lessThan
FN:22,greaterThan
FN:26,lessThanOrEqual
FN:30,greaterThanOrEqual
FN:34,reverse
FN:36,(anonymous_8)
FN:72,Comparator
FN:76,comparator
FNF:11
FNH:11
FNDA:4,(anonymous_0)
FNDA:57,defaultCompareFunction
FNDA:57,equal
FNDA:10,lessThan
FNDA:11,greaterThan
FNDA:3,lessThanOrEqual
FNDA:9,greaterThanOrEqual
FNDA:1,reverse
FNDA:8,(anonymous_8)
FNDA:27,Comparator
FNDA:27,comparator
DA:8,57
DA:9,22
DA:11,35
DA:15,57
DA:19,10
DA:23,11
DA:27,3
DA:31,9
DA:35,1
DA:36,1
DA:37,8
DA:41,4
DA:73,27
DA:76,4
DA:77,27
LF:15
LH:15
BRDA:8,0,0,22
BRDA:8,0,1,35
BRDA:11,1,0,20
BRDA:11,1,1,15
BRDA:27,2,0,3
BRDA:27,2,1,3
BRDA:31,3,0,9
BRDA:31,3,1,6
BRDA:73,4,0,2
BRDA:73,4,1,25
BRF:10
BRH:10
end_of_record
TN:
SF:/Users/joey/Desktop/react-demo/src/utils/core/utils/findIndex/index.js
FN:11,findIndex
FNF:1
FNH:1
FNDA:33,findIndex
DA:12,33
DA:13,33
DA:15,33
DA:16,31
DA:17,15
DA:20,18
LF:6
LH:6
BRDA:16,0,0,15
BRDA:16,0,1,16
BRF:2
BRH:2
end_of_record
TN:
SF:/Users/joey/Desktop/react-demo/src/utils/core/utils/forOwn/index.js
FN:12,forOwn
FNF:1
FNH:1
FNDA:3,forOwn
DA:13,3
DA:14,2
DA:15,3
DA:16,2
DA:17,1
LF:5
LH:5
BRDA:13,0,0,2
BRDA:13,0,1,1
BRDA:15,1,0,2
BRDA:15,1,1,1
BRDA:16,2,0,1
BRDA:16,2,1,1
BRF:6
BRH:6
end_of_record
TN:
SF:/Users/joey/Desktop/react-demo/src/utils/core/utils/isArray/index.js
FN:10,isArray
FNF:1
FNH:1
FNDA:9,isArray
DA:11,9
LF:1
LH:1
BRF:0
BRH:0
end_of_record
TN:
SF:/Users/joey/Desktop/react-demo/src/utils/core/utils/isBoolean/index.js
FN:10,isBoolean
FNF:1
FNH:1
FNDA:4,isBoolean
DA:11,4
LF:1
LH:1
BRF:0
BRH:0
end_of_record
TN:
SF:/Users/joey/Desktop/react-demo/src/utils/core/utils/isFunction/index.js
FN:10,isFunction
FNF:1
FNH:1
FNDA:109,isFunction
DA:11,109
LF:1
LH:1
BRF:0
BRH:0
end_of_record
TN:
SF:/Users/joey/Desktop/react-demo/src/utils/core/utils/isNil/index.js
FN:12,isNil
FNF:1
FNH:1
FNDA:3,isNil
DA:13,3
LF:1
LH:1
BRDA:13,0,0,3
BRDA:13,0,1,2
BRF:2
BRH:2
end_of_record
TN:
SF:/Users/joey/Desktop/react-demo/src/utils/core/utils/isNull/index.js
FN:10,isNull
FNF:1
FNH:1
FNDA:5,isNull
DA:11,5
LF:1
LH:1
BRF:0
BRH:0
end_of_record
TN:
SF:/Users/joey/Desktop/react-demo/src/utils/core/utils/isNumber/index.js
FN:10,isNumber
FNF:1
FNH:1
FNDA:3,isNumber
DA:11,3
LF:1
LH:1
BRF:0
BRH:0
end_of_record
TN:
SF:/Users/joey/Desktop/react-demo/src/utils/core/utils/isObject/index.js
FN:10,isObject
FNF:1
FNH:1
FNDA:17,isObject
DA:11,17
LF:1
LH:1
BRF:0
BRH:0
end_of_record
TN:
SF:/Users/joey/Desktop/react-demo/src/utils/core/utils/isString/index.js
FN:10,isString
FNF:1
FNH:1
FNDA:3,isString
DA:11,3
LF:1
LH:1
BRF:0
BRH:0
end_of_record
TN:
SF:/Users/joey/Desktop/react-demo/src/utils/core/utils/isUndefined/index.js
FN:10,isUndefined
FNF:1
FNH:1
FNDA:77,isUndefined
DA:11,77
LF:1
LH:1
BRF:0
BRH:0
end_of_record
