TN:
SF:/Users/joey/Desktop/react-demo/src/utils/core/collection/map.js
FN:7,(anonymous_0)
FN:8,Map
FN:12,setItem
FN:13,(anonymous_3)
FN:24,removeItem
FN:25,(anonymous_5)
FN:41,(anonymous_6)
FN:48,(anonymous_7)
FN:49,(anonymous_8)
FN:57,(anonymous_9)
FN:58,(anonymous_10)
FN:87,(anonymous_11)
FN:95,(anonymous_12)
FN:97,(anonymous_13)
FN:106,(anonymous_14)
FN:108,(anonymous_15)
FN:117,(anonymous_16)
FN:119,(anonymous_17)
FN:128,(anonymous_18)
FN:129,(anonymous_19)
FN:138,map
FN:141,(anonymous_21)
FNF:22
FNH:22
FNDA:1,(anonymous_0)
FNDA:4,Map
FNDA:6,setItem
FNDA:2,(anonymous_3)
FNDA:3,removeItem
FNDA:4,(anonymous_5)
FNDA:5,(anonymous_6)
FNDA:8,(anonymous_7)
FNDA:7,(anonymous_8)
FNDA:6,(anonymous_9)
FNDA:5,(anonymous_10)
FNDA:6,(anonymous_11)
FNDA:4,(anonymous_12)
FNDA:4,(anonymous_13)
FNDA:4,(anonymous_14)
FNDA:4,(anonymous_15)
FNDA:4,(anonymous_16)
FNDA:4,(anonymous_17)
FNDA:5,(anonymous_18)
FNDA:5,(anonymous_19)
FNDA:4,map
FNDA:1,(anonymous_21)
DA:9,4
DA:13,6
DA:14,2
DA:16,6
DA:17,1
DA:19,5
DA:21,6
DA:25,3
DA:26,4
DA:28,3
DA:29,1
DA:31,3
DA:34,1
DA:42,5
DA:49,8
DA:50,7
DA:58,6
DA:59,5
DA:61,6
DA:88,6
DA:89,6
DA:96,4
DA:97,4
DA:98,4
DA:100,4
DA:107,4
DA:108,4
DA:109,4
DA:111,4
DA:118,4
DA:119,4
DA:120,4
DA:122,4
DA:129,5
DA:130,5
DA:132,5
DA:138,1
DA:139,4
DA:140,4
DA:141,1
DA:142,1
DA:144,3
DA:145,2
DA:146,2
DA:148,2
DA:149,2
DA:152,4
LF:47
LH:47
BRDA:16,0,0,1
BRDA:16,0,1,5
BRDA:28,1,0,1
BRDA:28,1,1,2
BRDA:61,2,0,2
BRDA:61,2,1,4
BRDA:140,3,0,1
BRDA:140,3,1,3
BRDA:144,4,0,2
BRDA:144,4,1,1
BRDA:148,5,0,4
BRDA:148,5,1,2
BRF:12
BRH:12
end_of_record
TN:
SF:/Users/joey/Desktop/react-demo/src/utils/core/emitter/index.js
FN:7,(anonymous_0)
FN:17,_addListener
FN:34,addListener
FN:44,addOnceListener
FN:52,removeAllListener
FN:61,removeCategoryListener
FN:72,removeListener
FN:76,(anonymous_7)
FN:96,trigger
FN:100,(anonymous_9)
FN:111,Emitter
FN:158,emitter
FNF:12
FNH:12
FNDA:1,(anonymous_0)
FNDA:10,_addListener
FNDA:6,addListener
FNDA:4,addOnceListener
FNDA:3,removeAllListener
FNDA:2,removeCategoryListener
FNDA:4,removeListener
FNDA:4,(anonymous_7)
FNDA:7,trigger
FNDA:11,(anonymous_9)
FNDA:2,Emitter
FNDA:2,emitter
DA:18,10
DA:19,2
DA:21,8
DA:22,8
DA:23,8
DA:25,8
DA:35,6
DA:45,4
DA:53,3
DA:54,3
DA:62,2
DA:63,2
DA:73,4
DA:75,4
DA:76,3
DA:77,4
DA:80,3
DA:81,2
DA:84,3
DA:85,1
DA:88,4
DA:97,7
DA:98,7
DA:99,7
DA:100,5
DA:101,11
DA:102,11
DA:104,5
DA:105,1
DA:108,7
DA:112,2
DA:115,1
DA:158,1
DA:159,2
LF:34
LH:34
BRDA:18,0,0,2
BRDA:18,0,1,8
BRDA:23,1,0,4
BRDA:23,1,1,4
BRDA:75,2,0,3
BRDA:75,2,1,1
BRDA:80,3,0,2
BRDA:80,3,1,1
BRDA:84,4,0,1
BRDA:84,4,1,2
BRDA:99,5,0,5
BRDA:99,5,1,2
BRDA:104,6,0,1
BRDA:104,6,1,4
BRF:14
BRH:14
end_of_record
TN:
SF:/Users/joey/Desktop/react-demo/src/utils/core/utils/findIndex.js
FN:12,findIndex
FNF:1
FNH:1
FNDA:34,findIndex
DA:13,34
DA:14,1
DA:16,33
DA:17,33
DA:19,33
DA:20,30
DA:21,30
DA:23,19
LF:8
LH:8
BRDA:13,0,0,1
BRDA:13,0,1,33
BRDA:21,1,0,14
BRDA:21,1,1,16
BRF:4
BRH:4
end_of_record
TN:
SF:/Users/joey/Desktop/react-demo/src/utils/core/utils/forOwn.js
FN:13,forOwn
FNF:1
FNH:1
FNDA:4,forOwn
DA:14,4
DA:15,1
DA:17,3
DA:18,2
DA:19,2
DA:20,2
LF:6
LH:6
BRDA:14,0,0,1
BRDA:14,0,1,3
BRDA:17,1,0,2
BRDA:17,1,1,1
BRDA:19,2,0,2
BRDA:19,2,1,0
BRDA:20,3,0,1
BRDA:20,3,1,1
BRF:8
BRH:7
end_of_record
TN:
SF:/Users/joey/Desktop/react-demo/src/utils/core/utils/isArray.js
FN:10,isArray
FNF:1
FNH:1
FNDA:7,isArray
DA:11,7
LF:1
LH:1
BRF:0
BRH:0
end_of_record
TN:
SF:/Users/joey/Desktop/react-demo/src/utils/core/utils/isFunction.js
FN:10,isFunction
FNF:1
FNH:1
FNDA:50,isFunction
DA:11,50
LF:1
LH:1
BRF:0
BRH:0
end_of_record
TN:
SF:/Users/joey/Desktop/react-demo/src/utils/core/utils/isObject.js
FN:10,isObject
FNF:1
FNH:1
FNDA:8,isObject
DA:11,8
LF:1
LH:1
BRF:0
BRH:0
end_of_record
